
***************************** TUFLOWFV *****************************

Build version: 2023.0.0
Build date: 30/01/2023 09:10
Git branch: main
Git hash: ab93bfc
Build platform: Linux
Build architecture:  x86-64
Compiler version: Ifort 2021.3.0
Build precision: single
NVidia GPU enabled: Cuda v10.2.89
GIS Module Version: 2020-07-PD

********************************************************************

Computer name: pugsy
User name: hydro
Execution timestamp: 02/05/2023 10:08:40


Initialising TUFLOW Licence Settings...

No TUFLOW licence Settings files found.  Default settings applied.
WIBU Retry Time == 60  ! Seconds.  Values less than 1 are set to 1.  Default = 60.
WIBU Retry Count == 0  ! Number of times to retry for a licence at start of simulation.  Use -1 for indefinitely.  Default = 0.
WIBU Dongles Only == OFF  ! If set to ON, searches for WIBU dongles only.  Default is OFF.

Attempting to process input control file:
Trying to open file: csiem_100_A_20130101_20130601_WQ_009.fvc ... OK. File unit: 101
TIME FORMAT == ISO DATE & TIME
Trying to open file: ../../includes/domain/domain_config_csiem_mesh_A.fvc ... OK. File unit: 102
Closing file unit: 102
Trying to open file: ../../includes/sed/roughness_wq.fvc ... OK. File unit: 102
Closing file unit: 102
Trying to open file: ../../includes/bc/1_ocean/obc_wq_20130101_20131231_WQ008.fvc ... OK. File unit: 102
Closing file unit: 102
Trying to open file: ../../includes/bc/2_weather/met_BARRA_regional_20130101_20131231.fvc ... OK. File unit: 102
Closing file unit: 102
Trying to open file: ../../includes/bc/3_waves/wave_SWAN_20130101_20131231.fvc ... OK. File unit: 102
Closing file unit: 102
Trying to open file: ../../includes/bc/4_sce/Swan_river_20120315_20140331_wq_v2.fvc ... OK. File unit: 102
Closing file unit: 102
Trying to open file: ../../includes/bc/7_discharges/Discharge_and_Intake_20130101_20140101.fvc ... OK. File unit: 102
Closing file unit: 102
Trying to open file: ../../includes/domain/initial_conditions_wq.fvc ... OK. File unit: 102
Closing file unit: 102
Trying to open file: ../../includes/output/output_wq.fvc ... OK. File unit: 102
Closing file unit: 102
Start echoing input file:
HARDWARE TARGET == GPU
SPHERICAL == .TRUE.
INCLUDE SALINITY == .TRUE.
COUPLE SALINITY DENSITY == .TRUE.
INCLUDE TEMPERATURE == .TRUE.
COUPLE TEMPERATURE DENSITY == .TRUE.
INCLUDE SEDIMENT == .FALSE.
NTRACER == 1
INCLUDE HEAT == .TRUE.
MOMENTUM MIXING MODEL == SMAGORINSKY
SCALAR MIXING MODEL == SMAGORINSKY
VERTICAL MIXING MODEL == EXTERNAL
EXTERNAL TURBULENCE MODEL DIR == ../../includes/turbulence/GOTM
BOTTOM DRAG MODEL == KS
SPATIAL ORDER == 2, 2
HORIZONTALGRADIENTLIMITER == LCD
WATER QUALITY MODEL == EXTERNAL
WATER QUALITY MODEL DIR == ../../includes/wq/AED
CFL EXTERNAL ==   0.7000000
CFL INTERNAL ==   0.7000000
START TIME == 02/01/2013 00:00:00
END TIME == 31/12/2013 00:00:00
TIMESTEP LIMITS ==   0.1000000    ,    10.00000
TURBULENCE UPDATE DT ==    300.0000
DISPLAY DT ==    900.0000
STABILITY LIMITS ==    17.00000    ,    10.00000
CELL DRY/WET DEPTHS ==   0.5000000E-02,   0.1000000
CELL 3D DEPTH ==    1.000000
G ==    9.810000
GLOBAL BOTTOM ROUGHNESS ==   0.5000000E-01
REFERENCE SALINITY ==    35.00000
REFERENCE TEMPERATURE ==    20.00000
REFERENCE DENSITY ==    1030.000
KINEMATIC VISCOSITY ==   0.1000000E-05
GLOBAL HORIZONTAL EDDY VISCOSITY (SMAG COEFF) ==   0.5000000
GLOBAL HORIZONTAL EDDY VISCOSITY LIMITS ==    1.000000    ,    9999.000
GLOBAL HORIZONTAL SCALAR DIFFUSIVITY (SMAG COEFF) ==   0.2000000
GLOBAL HORIZONTAL SCALAR DIFFUSIVITY LIMITS ==    1.000000    ,    9999.000
GLOBAL VERTICAL EDDY VISCOSITY LIMITS ==   0.1000000E-03,    1.000000
GLOBAL VERTICAL SCALAR DIFFUSIVITY LIMITS ==    0.000000,    1.000000
GIS FORMAT == SHP
SHP PROJECTION == ../../gis_repo/1_domain/projection/projection.prj
ECHO GEOMETRY == .TRUE.
Trying to open file: ../../includes/domain/domain_config_csiem_mesh_A.fvc ... OK. File unit: 102
GEOMETRY2D == ../../includes/domain/../../gis_repo/1_domain/mesh/Cockburn_Sound_Mesh_008.2dm
READ GIS NODESTRING == ../../includes/domain/../../gis_repo/1_domain/nodestrings/2d_ns_Cockburn_Sound_005_L.shp
VERTICAL MESH TYPE == Z
LAYER FACE FILE == ../../includes/domain/../../gis_repo/1_domain/layers/SEP_zlayer_0p25_002.csv
SURFACE SIGMA LAYERS == 4
MINIMUM LAYER THICKNESS ==   0.5000000
WRITE CHECK FILES == ../../includes/domain/log/check/
Closing file unit: 102
READ GIS MAT == ../../gis_repo/2_benthic/materials/Cockburn_Sound_Material_010.shp
Trying to open file: ../../includes/sed/roughness_wq.fvc ... OK. File unit: 102
MATERIAL == 1,9,10,11,12
  BOTTOM ROUGHNESS ==   0.2000000E-01
  SPATIAL RECONSTRUCTION == .FALSE.
END MATERIAL
MATERIAL == 4,5,6,7
  BOTTOM ROUGHNESS ==   0.2000000E-02
  SPATIAL RECONSTRUCTION == .TRUE.
END MATERIAL
MATERIAL == 16
  BOTTOM ROUGHNESS ==   0.2000000E-01
  SPATIAL RECONSTRUCTION == .TRUE.
END MATERIAL
MATERIAL == 2,14,15
  BOTTOM ROUGHNESS ==   0.2000000E-01
  SPATIAL RECONSTRUCTION == .TRUE.
END MATERIAL
MATERIAL == 3,13
  BOTTOM ROUGHNESS ==   0.1200000E-01
  SPATIAL RECONSTRUCTION == .TRUE.
END MATERIAL
MATERIAL == 8
  BOTTOM ROUGHNESS ==   0.1700000E-01
  SPATIAL RECONSTRUCTION == .TRUE.
END MATERIAL
Closing file unit: 102
Trying to open file: ../../includes/bc/1_ocean/obc_wq_20130101_20131231_WQ008.fvc ... OK. File unit: 102
GRID DEFINITION FILE == ../../includes/bc/1_ocean/../../../bc_repo/1_ocean/ROMS/ROMS_UTC+8_20130101_20140101_FILLED.nc
GRID DEFINITION VARIABLES ==  LON, LAT, DEPTH
  GRID VERTICAL COORDINATE TYPE == DEPTH
GRID DEFINITION LABEL == ROMS
BOUNDARY GRIDMAP == .TRUE.
END GRID
BC == OBC_GRID, ROMS, ../../includes/bc/1_ocean/../../../bc_repo/1_ocean/ROMS/ROMS_UTC+8_20130101_20140101_FILLED.nc
  SUB-TYPE == 6
  BC HEADER ==  time, surf_el, water_u, water_v, salinity, water_temp
  BC NODESTRINGS == 1
  UPDATE DT ==    900.0000
  BC TIME UNITS == HOURS
BC REFERENCE TIME == 01/01/1990 00:00:00
  BC OFFSET ==  -0.4200000,   0.000000,   0.000000,   0.000000
  BC DEFAULT ==    0.000000,   0.000000,   0.000000,   35.00000,   24.70000,   0.000000,   1.000000,   214.9000,   3.800000,   12.90000,   2.900000,   116.0500,   11.61000,   15.66000,   1.570000,  0.7100000,  0.7000
END BC
BC == SCALAR, 1, ../../includes/bc/1_ocean/../../../bc_repo/1_ocean/WQ/ocean_bgc_a_20130101_20131231.csv
  BC HEADER ==  Date, dummy, dummy, ZEROS, TSS, DO, AMM, NIT, FRP, ZEROS, DOC, POC, DON, PON, DOP, POP, GRN, BGA, CRYPT, MDIAT, DINO
  BC SCALE ==    1.000000,   1.000000,   1.000000,   1.000000,   1.000000,   1.000000,   1.000000,   1.000000,   1.000000,   1.000000,   1.000000,   1.300000,   1.000000,   1.200000,   1.000000,   1.000000,   1.000
END BC
Closing file unit: 102
Trying to open file: ../../includes/bc/2_weather/met_BARRA_regional_20130101_20131231.fvc ... OK. File unit: 102
GRID DEFINITION FILE == ../../includes/bc/2_weather/../../../bc_repo/2_weather/BARRA/BARRA_R_20130101_20140101.nc
GRID DEFINITION VARIABLES ==  LONGITUDE, LATITUDE
GRID DEFINITION LABEL == BARRA
END GRID
BC == MSLP_GRID, BARRA, ../../includes/bc/2_weather/../../../bc_repo/2_weather/BARRA/BARRA_R_20130101_20140101.nc
  BC HEADER ==  local_time, mslp
  UPDATE DT ==    3600.000
  BC TIME UNITS == HOURS
BC REFERENCE TIME == 01/01/1990 00:00:00
  BC DEFAULT ==             NaN
  BC SCALE ==   0.1000000E-01
END BC
BC == LW_RAD_GRID, BARRA, ../../includes/bc/2_weather/../../../bc_repo/2_weather/BARRA/BARRA_R_20130101_20140101.nc
  BC HEADER ==  local_time, lwsfcdown
  UPDATE DT ==    3600.000
  BC TIME UNITS == HOURS
BC REFERENCE TIME == 01/01/1990 00:00:00
  BC DEFAULT ==             NaN
END BC
BC == SW_RAD_GRID, BARRA, ../../includes/bc/2_weather/../../../bc_repo/2_weather/BARRA/BARRA_R_20130101_20140101.nc
  BC HEADER ==  local_time, swsfcdown
  UPDATE DT ==    3600.000
  BC TIME UNITS == HOURS
BC REFERENCE TIME == 01/01/1990 00:00:00
  BC DEFAULT ==             NaN
END BC
BC == AIR_TEMP_GRID, BARRA, ../../includes/bc/2_weather/../../../bc_repo/2_weather/BARRA/BARRA_R_20130101_20140101.nc
  BC HEADER ==  local_time, temp_scrn
  UPDATE DT ==    3600.000
  BC TIME UNITS == HOURS
BC REFERENCE TIME == 01/01/1990 00:00:00
  BC DEFAULT ==             NaN
  BC OFFSET ==   -273.1500
END BC
BC == W10_GRID, BARRA, ../../includes/bc/2_weather/../../../bc_repo/2_weather/BARRA/BARRA_R_20130101_20140101.nc
  BC HEADER ==  local_time, uwnd10m, vwnd10m
  UPDATE DT ==    3600.000
  BC TIME UNITS == HOURS
BC REFERENCE TIME == 01/01/1990 00:00:00
  BC DEFAULT ==             NaN
END BC
BC == PRECIP_GRID, BARRA, ../../includes/bc/2_weather/../../../bc_repo/2_weather/BARRA/BARRA_R_20130101_20140101.nc
  BC HEADER ==  local_time, precip_rate
  UPDATE DT ==    3600.000
  BC TIME UNITS == HOURS
BC REFERENCE TIME == 01/01/1990 00:00:00
  BC DEFAULT ==             NaN
  BC SCALE ==   0.2400000E-01
END BC
BC == REL_HUM_GRID, BARRA, ../../includes/bc/2_weather/../../../bc_repo/2_weather/BARRA/BARRA_R_20130101_20140101.nc
  BC HEADER ==  local_time, relhum
  UPDATE DT ==    3600.000
  BC TIME UNITS == HOURS
BC REFERENCE TIME == 01/01/1990 00:00:00
  BC DEFAULT ==             NaN
END BC
Closing file unit: 102
Trying to open file: ../../includes/bc/3_waves/wave_SWAN_20130101_20131231.fvc ... OK. File unit: 102
GRID DEFINITION FILE == ../../includes/bc/3_waves/../../../bc_repo/3_waves/SWAN/SWAN_B_2013.nc
GRID DEFINITION VARIABLES ==  XP, YP
GRID DEFINITION LABEL == WAVE_GRID_NEST
END GRID
BC == WAVE, WAVE_GRID_NEST, ../../includes/bc/3_waves/../../../bc_repo/3_waves/SWAN/SWAN_B_2013.nc
  BC HEADER ==  time, Hsig, TPsmoo, Dir, Ubot, TmBot, WForce_x, WForce_y, Depth
  BC SCALE ==    1.000000,   1.000000,   1.000000,   1.000000,   1.000000,   1.000000,   1.000000
  UPDATE DT ==    600.0000
BC REFERENCE TIME == 01/01/1990 00:00:00
  BC TIME UNITS == HOURS
END BC
Closing file unit: 102
Trying to open file: ../../includes/bc/4_sce/Swan_river_20120315_20140331_wq_v2.fvc ... OK. File unit: 102
BC == OBC_CURT, 2, ../../includes/bc/4_sce/../../../bc_repo/4_sce/SCERM/NAR_Tide_20120315_20140331.nc
  SUB-TYPE == 6
  BC HEADER ==  time, chainage, depth, dummy, dummy, dummy, SAL, TEMP
  UPDATE DT ==    900.0000
  BC TIME UNITS == HOURS
BC REFERENCE TIME == 01/01/1990 00:00:00
  BC OFFSET ==    0.000000,   0.000000,   0.000000,   0.000000,   0.000000
  BC DEFAULT ==    0.000000,   0.000000,   0.000000,   0.000000,   0.000000,   0.000000,   0.000000,   0.000000,   0.000000,   0.000000,   0.000000,   0.000000,   0.000000,   0.000000,   0.000000,   0.000000,   0.000
  VERTICAL COORDINATE TYPE == DEPTH
END BC
BC == OBC_CURT, 3, ../../includes/bc/4_sce/../../../bc_repo/4_sce/SCERM/CAN_Tide_20120315_20140331.nc
  SUB-TYPE == 6
  BC HEADER ==  time, chainage, depth, dummy, dummy, dummy, SAL, TEMP
  UPDATE DT ==    900.0000
  BC TIME UNITS == HOURS
BC REFERENCE TIME == 01/01/1990 00:00:00
  BC OFFSET ==    0.000000,   0.000000,   0.000000,   0.000000,   0.000000
  BC DEFAULT ==    0.000000,   0.000000,   0.000000,   0.000000,   0.000000,   0.000000,   0.000000,   0.000000,   0.000000,   0.000000,   0.000000,   0.000000,   0.000000,   0.000000,   0.000000,   0.000000,   0.000
  VERTICAL COORDINATE TYPE == DEPTH
END BC
BC == WL, 2, ../../includes/bc/4_sce/../../../bc_repo/4_sce/CSV/NAR_Inflow_v2.csv
  SUB-TYPE == 1
  BC HEADER ==  ISOTime, wl, dummy, dummy, zeroes, TSS, Oxy, Amm, Nit, FRP, zeroes, DOC_T, POC_T, DON_T, PON_T, OP, OP, CHLA, CHLA, CHLA, CHLA, CHLA
  BC SCALE ==    1.000000,   1.000000,   1.000000,   1.000000,  0.7000000,   1.500000,   1.000000,   1.000000,  0.1000000,  0.1000000,  0.5000000,  0.3000000,   1.000000,  0.3000000,  0.5000000,  0.9000000,  0.1250
END BC
BC == WL, 3, ../../includes/bc/4_sce/../../../bc_repo/4_sce/CSV/Canning_Inflow_Tide_v1.csv
  SUB-TYPE == 1
  BC HEADER ==  ISOTime, wl, dummy, dummy, zeroes, TSS, Oxy, Amm, Nit, FRP, zeroes, DOC_T, POC_T, DON_T, PON_T, OP, OP, CHLA, CHLA, CHLA, CHLA, CHLA
  BC SCALE ==    1.000000,   1.000000,   1.000000,   1.000000,  0.7000000,   1.500000,   1.000000,   1.000000,  0.1000000,  0.1000000,  0.5000000,  0.3000000,   1.000000,  0.3000000,  0.5000000,  0.9000000,  0.1250
END BC
Closing file unit: 102
Trying to open file: ../../includes/bc/7_discharges/Discharge_and_Intake_20130101_20140101.fvc ... OK. File unit: 102
BC == QC,    115.7681    ,   -32.20014    , ../../includes/bc/7_discharges/../../../bc_repo/7_discharges/PSDP/PSDP1_20130101_20140101_wq.csv
  BC HEADER ==  Date, Q, Salt, Temp, Zeroes, Ones, DO, Ones, Ones, Ones, Ones, Ones, Ones, Ones, Ones, Ones, Ones, Ones, Ones, Ones, Ones, Ones
  BC SCALE ==    1.000000,   1.000000,   1.000000,   1.000000,  0.1000000E-01,   1.000000,  0.1000000E-01,  0.1000000E-01,  0.1000000E-01,  0.1000000E-01,  0.1000000E-01,  0.1000000E-01,  0.1000000E-01,  0.1000000E
  BC DEFAULT ==    0.000000,   0.000000,   0.000000,   0.000000,   0.000000,   0.000000,   0.000000,   0.000000,   0.000000,   0.000000,   0.000000,   0.000000,   0.000000,   0.000000,   0.000000,   0.000000,   0.000
  VERTICAL COORDINATE TYPE == DEPTH
  VERTICAL DISTRIBUTION FILE == ../../includes/bc/7_discharges/../../../bc_repo/7_discharges/DischargeDepth_001.csv
END BC
BC == QC,    115.7562    ,   -32.23261    , ../../includes/bc/7_discharges/../../../bc_repo/7_discharges/TiWest/TiWest_20130101_20140101_wq.csv
  BC HEADER ==  Date, Q, Salt, Temp, Zeroes, Ones, DO, Ones, Ones, Ones, Ones, Ones, Ones, Ones, Ones, Ones, Ones, Ones, Ones, Ones, Ones, Ones
  BC SCALE ==    1.000000,   1.000000,   1.000000,   1.000000,  0.1000000E-01,   1.000000,  0.1000000E-01,  0.1000000E-01,  0.1000000E-01,  0.1000000E-01,  0.1000000E-01,  0.1000000E-01,  0.1000000E-01,  0.1000000E
  BC DEFAULT ==    0.000000,   0.000000,   0.000000,   0.000000,   0.000000,   0.000000,   0.000000,   0.000000,   0.000000,   0.000000,   0.000000,   0.000000,   0.000000,   0.000000,   0.000000,   0.000000,   0.000
  VERTICAL COORDINATE TYPE == DEPTH
  VERTICAL DISTRIBUTION FILE == ../../includes/bc/7_discharges/../../../bc_repo/7_discharges/DischargeDepth_001.csv
END BC
BC == QC,    115.7602    ,   -32.21765    , ../../includes/bc/7_discharges/../../../bc_repo/7_discharges/BP/BP_20130101_20140101_wq.csv
  BC HEADER ==  Date, Q, Salt, Temp, Zeroes, Ones, DO, Ones, Ones, Ones, Ones, Ones, Ones, Ones, Ones, Ones, Ones, Ones, Ones, Ones, Ones, Ones
  BC SCALE ==    1.000000,   1.000000,   1.000000,   1.000000,  0.1000000E-01,   1.000000,  0.1000000E-01,  0.1000000E-01,  0.1000000E-01,  0.1000000E-01,  0.1000000E-01,  0.1000000E-01,  0.1000000E-01,  0.1000000E
  BC DEFAULT ==    0.000000,   0.000000,   0.000000,   0.000000,   0.000000,   0.000000,   0.000000,   0.000000,   0.000000,   0.000000,   0.000000,   0.000000,   0.000000,   0.000000,   0.000000,   0.000000,   0.000
  VERTICAL COORDINATE TYPE == DEPTH
  VERTICAL DISTRIBUTION FILE == ../../includes/bc/7_discharges/../../../bc_repo/7_discharges/DischargeDepth_001.csv
END BC
BC == QC,    115.7725    ,   -32.19766    , ../../includes/bc/7_discharges/../../../bc_repo/7_discharges/KPS/KPS_A_B_20130101_20140101_wq.csv
  BC HEADER ==  Date, Q, Salt, Temp, Zeroes, Ones, DO, Ones, Ones, Ones, Ones, Ones, Ones, Ones, Ones, Ones, Ones, Ones, Ones, Ones, Ones, Ones
  BC SCALE ==    1.000000,   1.000000,   1.000000,   1.000000,  0.1000000E-01,   1.000000,  0.1000000E-01,  0.1000000E-01,  0.1000000E-01,  0.1000000E-01,  0.1000000E-01,  0.1000000E-01,  0.1000000E-01,  0.1000000E
  BC DEFAULT ==    0.000000,   0.000000,   0.000000,   0.000000,   0.000000,   0.000000,   0.000000,   0.000000,   0.000000,   0.000000,   0.000000,   0.000000,   0.000000,   0.000000,   0.000000,   0.000000,   0.000
  VERTICAL COORDINATE TYPE == DEPTH
  VERTICAL DISTRIBUTION FILE == ../../includes/bc/7_discharges/../../../bc_repo/7_discharges/DischargeDepth_001.csv
END BC
BC == QC,    115.7722    ,   -32.19820    , ../../includes/bc/7_discharges/../../../bc_repo/7_discharges/KPS/KPS_C_CPS_20130101_20140101_wq.csv
  BC HEADER ==  Date, Q, Salt, Temp, Zeroes, Ones, DO, Ones, Ones, Ones, Ones, Ones, Ones, Ones, Ones, Ones, Ones, Ones, Ones, Ones, Ones, Ones
  BC SCALE ==    1.000000,   1.000000,   1.000000,   1.000000,  0.1000000E-01,   1.000000,  0.1000000E-01,  0.1000000E-01,  0.1000000E-01,  0.1000000E-01,  0.1000000E-01,  0.1000000E-01,  0.1000000E-01,  0.1000000E
  BC DEFAULT ==    0.000000,   0.000000,   0.000000,   0.000000,   0.000000,   0.000000,   0.000000,   0.000000,   0.000000,   0.000000,   0.000000,   0.000000,   0.000000,   0.000000,   0.000000,   0.000000,   0.000
  VERTICAL COORDINATE TYPE == DEPTH
  VERTICAL DISTRIBUTION FILE == ../../includes/bc/7_discharges/../../../bc_repo/7_discharges/DischargeDepth_001.csv
END BC
BC == QC,    115.6563    ,   -32.28971    , ../../includes/bc/7_discharges/../../../bc_repo/7_discharges/SDOOL/SDOOL_20130101_20140101_wq.csv
  BC HEADER ==  Date, Q, Salt, Temp, Zeroes, Ones, DO, Ones, Ones, Ones, Ones, Ones, Ones, Ones, Ones, Ones, Ones, Ones, Ones, Ones, Ones, Ones
  BC SCALE ==    1.000000,   1.000000,   1.000000,   1.000000,   26.40000,   1.000000,  0.7100000,  0.1000000E-01,  0.1000000,  0.1000000E-01,  0.1000000E-01,  0.1000000E-01,  0.7000000,  0.1000000E-01,  0.9000000E
  BC DEFAULT ==    0.000000,   0.000000,   0.000000,   0.000000,   0.000000,   0.000000,   0.000000,   0.000000,   0.000000,   0.000000,   0.000000,   0.000000,   0.000000,   0.000000,   0.000000,   0.000000,   0.000
  VERTICAL COORDINATE TYPE == DEPTH
  VERTICAL DISTRIBUTION FILE == ../../includes/bc/7_discharges/../../../bc_repo/7_discharges/DischargeDepth_001.csv
END BC
BC == QC,    115.7705    ,   -32.20083    , ../../includes/bc/7_discharges/../../../bc_repo/8_intakes/PSDP/PSDP1_20130101_20140101_wq.csv
  BC HEADER ==  Date, Q
  BC SCALE ==   -1.636000
  VERTICAL COORDINATE TYPE == HEIGHT
  VERTICAL DISTRIBUTION FILE == ../../includes/bc/7_discharges/../../../bc_repo/8_intakes/IntakeExtractionHeight_001.csv
END BC
BC == QC,    115.7551    ,   -32.22749    , ../../includes/bc/7_discharges/../../../bc_repo/8_intakes/BP/CSound_Apr2013_PRP_BP_Intake.csv
  BC HEADER ==  DATE, Q
  BC SCALE ==   -1.000000
  VERTICAL COORDINATE TYPE == HEIGHT
  VERTICAL DISTRIBUTION FILE == ../../includes/bc/7_discharges/../../../bc_repo/8_intakes/IntakeExtractionHeight_001.csv
END BC
BC == QC,    115.7708    ,   -32.19863    , ../../includes/bc/7_discharges/../../../bc_repo/8_intakes/Verve/CSound_Apr2013_PRP_VerveSouth_Intake.csv
  BC HEADER ==  DATE, Q
  BC SCALE ==   -1.000000
  VERTICAL COORDINATE TYPE == HEIGHT
  VERTICAL DISTRIBUTION FILE == ../../includes/bc/7_discharges/../../../bc_repo/8_intakes/IntakeExtractionHeight_001.csv
END BC
BC == QC,    115.7718    ,   -32.19619    , ../../includes/bc/7_discharges/../../../bc_repo/8_intakes/Verve/CSound_Apr2013_PRP_VerveNorth_Intake.csv
  BC HEADER ==  DATE, Q
  BC SCALE ==   -1.000000
  VERTICAL COORDINATE TYPE == HEIGHT
  VERTICAL DISTRIBUTION FILE == ../../includes/bc/7_discharges/../../../bc_repo/8_intakes/IntakeExtractionHeight_001.csv
END BC
Closing file unit: 102
Trying to open file: ../../includes/domain/initial_conditions_wq.fvc ... OK. File unit: 102
INITIAL WATER LEVEL ==   0.5000000
INITIAL SALINITY ==    36.00000
INITIAL TEMPERATURE ==    24.70000
INITIAL TRACER CONCENTRATION ==    0.000000,   0.000000,   0.000000,   100.0000
INITIAL WQ CONCENTRATION ==    1.000000,   214.9000,  0.1430000,  0.7200000E-01,  0.6000000E-01,   0.000000,   116.0500,   11.61000,   6.300000,  0.6300000,  0.3500000,  0.3500000E-01,  0.5000000,   1.000000,   2.500000,  0.5000
Closing file unit: 102
Trying to open file: ../../includes/output/output_wq.fvc ... OK. File unit: 102
OUTPUT DIR == ../../includes/output/../../outputs/results
OUTPUT == NETCDF
  OUTPUT PARAMETERS ==  H, V, SAL, TEMP, TRACE_1,
  OUTPUT INTERVAL ==    1800.000
END OUTPUT
OUTPUT == POINTS
  OUTPUT POINTS FILE == ../../includes/output/../../gis_repo/3_output/points/CSound_2013_pts_002.csv
  VERTICAL AVERAGING == SIGMA-RANGE   0.000000     to    1.000000
  OUTPUT PARAMETERS ==  H, V, TEMP, SAL, TRACE_1,
  OUTPUT INTERVAL ==    900.0000
END OUTPUT
OUTPUT == NETCDF
  OUTPUT PARAMETERS ==  WQ_ALL,
  SUFFIX == WQ
  OUTPUT INTERVAL ==    7200.000
  COMPRESSION == .TRUE.
END OUTPUT
OUTPUT == PROFILES
  OUTPUT POINTS FILE == ../../includes/output/../../gis_repo/3_output/points/CSound_2013_pts_002.csv
  OUTPUT PARAMETERS ==  H, V, TEMP, SAL, TRACE_1,
  OUTPUT INTERVAL ==    900.0000
END OUTPUT
Closing file unit: 102
WRITE RESTART DT ==    24.00000
Closing file unit: 101
Finished echoing input file.

Configuring "AED" external module... Successful.


Successfully processed input control files.

Initialising TUFLOW FV engine license:

Searching for a BMT WIBU Hardware Licence...

TUFLOW FV Engine            Dongle 3793274  Expiry 2024/03/27  LAN   1 of   10 (9 remaining)
Successfully found WIBU TUFLOW FV engine licence

Initialising TUFLOW FV simulation threads:
TUFLOW FV Threads (1)       Dongle 3793274  Expiry 2024/03/27  LAN   1 of   40 (39 remaining)
Successfully initialised 1 threads.

Initialising requested TUFLOW FV module license/s:
TUFLOW FV 3D Module         Dongle 3793274  Expiry 2024/03/27  LAN   1 of   10 (9 remaining)
TUFLOW FV AD Module         Dongle 3793274  Expiry 2024/03/27  LAN   1 of   10 (9 remaining)
TUFLOW FV GPU Cards (1)     Dongle 3793274  Expiry 2024/03/27  LAN   1 of   10 (9 remaining)
Successful.

GIS Projection being extracted from ../../gis_repo/1_domain/projection/projection.prj
Trying to open file: ../../gis_repo/1_domain/projection/projection.prj ... OK. File unit: 101
Closing file unit: 101
Opening GIS Layer: log/csiem_100_A_20130101_20130601_WQ_009_messages.shp
GIS Layer assigned ID of 1
Attempting to build model domain object/s:

Processing mesh geometry file/s:
Opening GIS Layer: ../../includes/domain/../../gis_repo/1_domain/nodestrings/2d_ns_Cockburn_Sound_005_L.shp
GIS Layer assigned ID of 2
2 DBF Fields (Name [#/Type/Length]): ID [1/N/8]  Flags [2/C/3]  

Closing GIS Layer 2 [../../includes/domain/../../gis_repo/1_domain/nodestrings/2d_ns_Cockburn_Sound_005_L.shp]...
Reading 2dm mesh file...
Trying to open file: ../../includes/domain/../../gis_repo/1_domain/mesh/Cockburn_Sound_Mesh_008.2dm ... OK. File unit: 101
Closing file unit: 101
Finished reading 2dm mesh file.

Checking spherical coordinates...
Finished checking spherical coordinates.
Processing mesh face connections...
Finished processing mesh face connections.

Processing external nodestrings...
External Nodestring GIS File = ../../includes/domain/../../gis_repo/1_domain/nodestrings/2d_ns_Cockburn_Sound_005_L.shp.Opening GIS Layer: ../../includes/domain/../../gis_repo/1_domain/nodestrings/2d_ns_Cockburn_Sound_005_L.shp
GIS Layer assigned ID of 2
2 DBF Fields (Name [#/Type/Length]): ID [1/N/8]  Flags [2/C/3]  

Closing GIS Layer 2 [../../includes/domain/../../gis_repo/1_domain/nodestrings/2d_ns_Cockburn_Sound_005_L.shp]...
Vertices in nodestring, 75.
External nodestring 1 (ID = 1) is OK.

Vertices in nodestring, 2.
External nodestring 2 (ID = 2) is OK.

Vertices in nodestring, 3.
External nodestring 3 (ID = 3) is OK.

Finished processing external nodestrings.

2dm and externally specified nodestring numbering is OK.

Checking nodestring overlaps...
Nodestring overlap checked.
Opening GIS Layer: ../../gis_repo/2_benthic/materials/Cockburn_Sound_Material_010.shp
GIS Layer assigned ID of 2
1 DBF Fields (Name [#/Type/Length]): Material [1/N/8]  

Closing GIS Layer 2 [../../gis_repo/2_benthic/materials/Cockburn_Sound_Material_010.shp]...
Trying to open file: log/csiem_100_A_20130101_20130601_WQ_009_geo.csv ... OK. File unit: 101
Trying to open file: log/csiem_100_A_20130101_20130601_WQ_009_geo_cellupdates.csv ... OK. File unit: 102
Trying to open file: log/csiem_100_A_20130101_20130601_WQ_009_geo_nodestring.csv ... OK. File unit: 103

Reading 3D layer specification file...
Trying to open file: ../../includes/domain/../../gis_repo/1_domain/layers/SEP_zlayer_0p25_002.csv ... OK. File unit: 104
Closing file unit: 104
Trying to open file: ../../includes/domain/../../gis_repo/1_domain/layers/SEP_zlayer_0p25_002.csv ... OK. File unit: 104
 Z columns read from csvfile. 36 lines successfully read.
Closing file unit: 104
Finished reading 3D layer specification file.

Closing file unit: 101
Closing file unit: 102
Closing file unit: 103

Found 27459 nodes.
Found 30211 2D cells.
Found 3 nodestrings.
Mesh geometry file/s succesfully processed.

Constructing domain, comprising:
 30211 2D cells.
 503869 3D cells.
 977507 3D faces.
Constructing node object...OK
Constructing cell object...OK
Constructing face object...OK
Constructing gridmap object/s...
  Extracting grid definition from ../../includes/bc/1_ocean/../../../bc_repo/1_ocean/ROMS/ROMS_UTC+8_20130101_20140101_FILLED.nc
Trying to open file: ../../includes/bc/1_ocean/../../../bc_repo/1_ocean/ROMS/ROMS_UTC+8_20130101_20140101_FILLED.nc ...OK
Closing file: ../../includes/bc/1_ocean/../../../bc_repo/1_ocean/ROMS/ROMS_UTC+8_20130101_20140101_FILLED.nc
    Constructing grid to mesh-cells map
WARNING: 29540 model cells (  97.78 %) are within grid coverage.
    Constructing grid to mesh-nodestring-1 map
    Constructing grid to mesh-nodestring-2 map
    Constructing grid to mesh-nodestring-3 map
  Extracting grid definition from ../../includes/bc/2_weather/../../../bc_repo/2_weather/BARRA/BARRA_R_20130101_20140101.nc
Trying to open file: ../../includes/bc/2_weather/../../../bc_repo/2_weather/BARRA/BARRA_R_20130101_20140101.nc ...OK
Closing file: ../../includes/bc/2_weather/../../../bc_repo/2_weather/BARRA/BARRA_R_20130101_20140101.nc
    Constructing grid to mesh-cells map
  Extracting grid definition from ../../includes/bc/3_waves/../../../bc_repo/3_waves/SWAN/SWAN_B_2013.nc
Trying to open file: ../../includes/bc/3_waves/../../../bc_repo/3_waves/SWAN/SWAN_B_2013.nc ...OK
Closing file: ../../includes/bc/3_waves/../../../bc_repo/3_waves/SWAN/SWAN_B_2013.nc
    Constructing grid to mesh-cells map
WARNING: 22060 model cells (  73.02 %) are within grid coverage.
OK
Constructing external mode objects...OK
Echoing geometry data:
Trying to open file: log/csiem_100_A_20130101_20130601_WQ_009_geo.nc ...OK.
Closing file: log/csiem_100_A_20130101_20130601_WQ_009_geo.nc

Successfully built model domain object/s.

Attempting to initialise atmospheric module:
Successfully initialised atmospheric module.

Attempting to initialise external turbulence model:
Initialising "GOTM" external turbulence module:
Succesfully initialised external turbulence model.

Attempting to initialise model structural configurations:
Constructing struct object...
Finished constructing struct object
Successfully initialised model structural configurations.

Attempting to initialise model boundary conditions:
Constructing fvbc object...

BC 1, Type=OBC_GRID, ID=ROMS
Update dt=   900.0000    s
BC Nodestring id = 1
BC grid label = ROMS
BC grid id = 1
BC reference time = 01/01/1990 00:00:00
BC time units = HOURS
BC variable offset/s =  -4.20E-01  0.00E+00  0.00E+00  0.00E+00  0.00E+00
BC variable scale/s =   1.00E+00  1.00E+00  1.00E+00  1.00E+00  1.00E+00
BC default value/s =   0.00E+00  0.00E+00  0.00E+00  3.50E+01  2.47E+01
BC variable name/s =  TIME, SSH, U, V, SALINITY, TEMPERATURE
BC file header/s =  TIME, SURF_EL, WATER_U, WATER_V, SALINITY, WATER_TEMP
Trying to open file: ../../includes/bc/1_ocean/../../../bc_repo/1_ocean/ROMS/ROMS_UTC+8_20130101_20140101_FILLED.nc ...OK
TIME,SURF_EL,WATER_U,WATER_V,SALINITY,WATER_TEMP, variables found in netcdf file. 2921 timesteps successfully read.
BC 1 is OK

BC 2, Type=SCALAR, ID=1
Update dt=   0.000000    s
BC Nodestring id = 1
BC variable name/s = TIME, SAL, TEMP, TRACE_1, WQ_1, WQ_2, WQ_3, WQ_4, WQ_5, WQ_6, WQ_7, WQ_8, WQ_9, WQ_10, WQ_11, WQ_12, WQ_13, WQ_14, WQ_15, WQ_16, WQ_17
BC file header/s = Date, dummy, dummy, ZEROS, TSS, DO, AMM, NIT, FRP, ZEROS, DOC, POC, DON, PON, DOP, POP, GRN, BGA, CRYPT, MDIAT, DINO
BC reference time = 01/01/1990 00:00:00
BC time units = ISOTIME
BC variable offset/s =   0.00E+00, 0.00E+00, 0.00E+00, 0.00E+00, 0.00E+00, 0.00E+00, 0.00E+00, 0.00E+00, 0.00E+00, 0.00E+00, 0.00E+00, 0.00E+00, 0.00E+00, 0.00E+00, 0.00E+00, 0.00E+00, 0.00E+00, 0.00E+00, 0.00E+00, 0.00E+00
BC variable scale/s =   1.00E+00, 1.00E+00, 1.00E+00, 1.00E+00, 1.00E+00, 1.00E+00, 1.00E+00, 1.00E+00, 1.00E+00, 1.00E+00, 1.00E+00, 1.30E+00, 1.00E+00, 1.20E+00, 1.00E+00, 1.00E+00, 1.00E+00, 1.00E+00, 1.00E+00, 1.00E+00
BC variable default/s =   NaN, NaN, NaN, NaN, NaN, NaN, NaN, NaN, NaN, NaN, NaN, NaN, NaN, NaN, NaN, NaN, NaN, NaN, NaN, NaN
Trying to open file: ../../includes/bc/1_ocean/../../../bc_repo/1_ocean/WQ/ocean_bgc_a_20130101_20131231.csv ... OK. File unit: 101
WARNING: DUMMY column not found in csv file. Assigning a value of             NaN
WARNING: DUMMY column not found in csv file. Assigning a value of             NaN
Date, ZEROS, TSS, DO, AMM, NIT, FRP, ZEROS, DOC, POC, DON, PON, DOP, POP, GRN, BGA, CRYPT, MDIAT, DINO columns read from csvfile. 365 lines successfully read.
Closing file unit: 101
BC 2 is OK

BC 3, Type=MSLP_GRID, ID=BARRA
Update dt=   3600.000    s
BC grid label = BARRA
BC grid id = 2
BC reference time = 01/01/1990 00:00:00
BC time units = HOURS
BC variable offset/s =   0.00E+00
BC variable scale/s =   1.00E-02
BC default value/s =   NaN
BC variable name/s =  TIME, MSLP
BC file header/s =  LOCAL_TIME, MSLP
Trying to open file: ../../includes/bc/2_weather/../../../bc_repo/2_weather/BARRA/BARRA_R_20130101_20140101.nc ...OK
LOCAL_TIME,MSLP, variables found in netcdf file. 8766 timesteps successfully read.
BC 3 is OK

BC 4, Type=LW_RAD_GRID, ID=BARRA
Update dt=   3600.000    s
BC grid label = BARRA
BC grid id = 2
BC reference time = 01/01/1990 00:00:00
BC time units = HOURS
BC variable offset/s =   0.00E+00
BC variable scale/s =   1.00E+00
BC default value/s =   NaN
BC variable name/s =  TIME, LW_RAD
BC file header/s =  LOCAL_TIME, LWSFCDOWN
Trying to open file: ../../includes/bc/2_weather/../../../bc_repo/2_weather/BARRA/BARRA_R_20130101_20140101.nc ...OK
LOCAL_TIME,LWSFCDOWN, variables found in netcdf file. 8766 timesteps successfully read.
BC 4 is OK

BC 5, Type=SW_RAD_GRID, ID=BARRA
Update dt=   3600.000    s
BC grid label = BARRA
BC grid id = 2
BC reference time = 01/01/1990 00:00:00
BC time units = HOURS
BC variable offset/s =   0.00E+00
BC variable scale/s =   1.00E+00
BC default value/s =   NaN
BC variable name/s =  TIME, SW_RAD
BC file header/s =  LOCAL_TIME, SWSFCDOWN
Trying to open file: ../../includes/bc/2_weather/../../../bc_repo/2_weather/BARRA/BARRA_R_20130101_20140101.nc ...OK
LOCAL_TIME,SWSFCDOWN, variables found in netcdf file. 8766 timesteps successfully read.
BC 5 is OK

BC 6, Type=AIR_TEMP_GRID, ID=BARRA
Update dt=   3600.000    s
BC grid label = BARRA
BC grid id = 2
BC reference time = 01/01/1990 00:00:00
BC time units = HOURS
BC variable offset/s =  -2.73E+02
BC variable scale/s =   1.00E+00
BC default value/s =   NaN
BC variable name/s =  TIME, AIR_TEMP
BC file header/s =  LOCAL_TIME, TEMP_SCRN
Trying to open file: ../../includes/bc/2_weather/../../../bc_repo/2_weather/BARRA/BARRA_R_20130101_20140101.nc ...OK
LOCAL_TIME,TEMP_SCRN, variables found in netcdf file. 8766 timesteps successfully read.
BC 6 is OK

BC 7, Type=W10_GRID, ID=BARRA
Update dt=   3600.000    s
BC grid label = BARRA
BC grid id = 2
BC reference time = 01/01/1990 00:00:00
BC time units = HOURS
BC variable offset/s =   0.00E+00  0.00E+00
BC variable scale/s =   1.00E+00  1.00E+00
BC default value/s =   NaN  NaN
BC variable name/s =  TIME, W10_X, W10_Y
BC file header/s =  LOCAL_TIME, UWND10M, VWND10M
Trying to open file: ../../includes/bc/2_weather/../../../bc_repo/2_weather/BARRA/BARRA_R_20130101_20140101.nc ...OK
LOCAL_TIME,UWND10M,VWND10M, variables found in netcdf file. 8766 timesteps successfully read.
BC 7 is OK

BC 8, Type=PRECIP_GRID, ID=BARRA
Subtype=1
Update dt=   3600.000    s
BC grid label = BARRA
BC grid id = 2
BC reference time = 01/01/1990 00:00:00
BC time units = HOURS
BC variable offset/s =   0.00E+00  0.00E+00
BC variable scale/s =   2.40E-02  1.00E+00
BC default value/s =   NaN  NaN
BC variable name/s =  TIME, PRECIP, PRECIP_TEMP
BC file header/s =  LOCAL_TIME, PRECIP_RATE,
Trying to open file: ../../includes/bc/2_weather/../../../bc_repo/2_weather/BARRA/BARRA_R_20130101_20140101.nc ...OK
WARNING: PRECIP_TEMP variable not found in netcdf file. Assigning a             NaN value.
LOCAL_TIME,PRECIP_RATE, variables found in netcdf file. 8766 timesteps successfully read.
BC 8 is OK

BC 9, Type=REL_HUM_GRID, ID=BARRA
Update dt=   3600.000    s
BC grid label = BARRA
BC grid id = 2
BC reference time = 01/01/1990 00:00:00
BC time units = HOURS
BC variable offset/s =   0.00E+00
BC variable scale/s =   1.00E+00
BC default value/s =   NaN
BC variable name/s =  TIME, REL_HUM
BC file header/s =  LOCAL_TIME, RELHUM
Trying to open file: ../../includes/bc/2_weather/../../../bc_repo/2_weather/BARRA/BARRA_R_20130101_20140101.nc ...OK
LOCAL_TIME,RELHUM, variables found in netcdf file. 8766 timesteps successfully read.
BC 9 is OK

BC 10, Type=WAVE, ID=WAVE_GRID_NEST
Update dt=   600.0000    s
BC grid label = WAVE_GRID_NEST
BC grid id = 3
BC reference time = 01/01/1990 00:00:00
BC time units = HOURS
BC variable offset/s =   0.00E+00  0.00E+00  0.00E+00  0.00E+00  0.00E+00  0.00E+00  0.00E+00  0.00E+00
BC variable scale/s =   1.00E+00  1.00E+00  1.00E+00  1.00E+00  1.00E+00  1.00E+00  1.00E+00  1.00E+00
BC default value/s =   NaN  NaN  NaN  NaN  NaN  NaN  NaN  NaN
BC variable name/s =  TIME, HSIGN, TPS, DIR, UBOT, TMBOT, FORCE_X, FORCE_Y, DEPTH
BC file header/s =  TIME, HSIG, TPSMOO, DIR, UBOT, TMBOT, WFORCE_X, WFORCE_Y, DEPTH
Trying to open file: ../../includes/bc/3_waves/../../../bc_repo/3_waves/SWAN/SWAN_B_2013.nc ...OK
TIME,HSIG,TPSMOO,DIR,UBOT,TMBOT,WFORCE_X,WFORCE_Y,DEPTH, variables found in netcdf file. 8769 timesteps successfully read.
BC 10 is OK

BC 11, Type=OBC_CURT, ID=2
Update dt=   900.0000    s
BC Nodestring id = 2
BC reference time = 01/01/1990 00:00:00
BC time units = HOURS
BC variable offset/s =   0.00E+00  0.00E+00  0.00E+00  0.00E+00  0.00E+00  0.00E+00  0.00E+00  0.00E+00  0.00E+00  0.00E+00  0.00E+00  0.00E+00  0.00E+00  0.00E+00  0.00E+00  0.00E+00  0.00E+00  0.00E+00  0.00E+00  0.00E+00  0.00E+00  0.00E+00  0.00E+00  0.00E+00  0.00E+00
BC variable scale/s =   1.00E+00  1.00E+00  1.00E+00  1.00E+00  1.00E+00  1.00E+00  1.00E+00  1.00E+00  1.00E+00  1.00E+00  1.00E+00  1.00E+00  1.00E+00  1.00E+00  1.00E+00  1.00E+00  1.00E+00  1.00E+00  1.00E+00  1.00E+00  1.00E+00  1.00E+00  1.00E+00  1.00E+00  1.00E+00
BC default value/s =   0.00E+00  0.00E+00  0.00E+00  0.00E+00  0.00E+00  0.00E+00  0.00E+00  0.00E+00  0.00E+00  0.00E+00  0.00E+00  0.00E+00  0.00E+00  0.00E+00  0.00E+00  0.00E+00  0.00E+00  0.00E+00  0.00E+00  0.00E+00  0.00E+00  0.00E+00  0.00E+00  0.00E+00  0.00E+00
BC variable name/s =  TIME, CHAINAGE, ELEVATION, WL, U, V, SAL, TEMP, TRACE_1, WQ_1, WQ_2, WQ_3, WQ_4, WQ_5, WQ_6, WQ_7, WQ_8, WQ_9, WQ_10, WQ_11, WQ_12, WQ_13, WQ_14, WQ_15, WQ_16, WQ_17
BC file header/s =  TIME, CHAINAGE, DEPTH, DUMMY, DUMMY, DUMMY, SAL, TEMP, , , , , , , , , , , , , , , , , ,
Trying to open file: ../../includes/bc/4_sce/../../../bc_repo/4_sce/SCERM/NAR_Tide_20120315_20140331.nc ...OK
WARNING: CHAINAGE variable is stationary (no time dimension)
WARNING: DEPTH variable is stationary (no time dimension)
WARNING: DUMMY variable not found in netcdf file. Assigning a    0.000000     value.
WARNING: DUMMY variable not found in netcdf file. Assigning a    0.000000     value.
WARNING: DUMMY variable not found in netcdf file. Assigning a    0.000000     value.
WARNING: TRACE_1 variable not found in netcdf file. Assigning a    0.000000     value.
WARNING: WQ_1 variable not found in netcdf file. Assigning a    0.000000     value.
WARNING: WQ_2 variable not found in netcdf file. Assigning a    0.000000     value.
WARNING: WQ_3 variable not found in netcdf file. Assigning a    0.000000     value.
WARNING: WQ_4 variable not found in netcdf file. Assigning a    0.000000     value.
WARNING: WQ_5 variable not found in netcdf file. Assigning a    0.000000     value.
WARNING: WQ_6 variable not found in netcdf file. Assigning a    0.000000     value.
WARNING: WQ_7 variable not found in netcdf file. Assigning a    0.000000     value.
WARNING: WQ_8 variable not found in netcdf file. Assigning a    0.000000     value.
WARNING: WQ_9 variable not found in netcdf file. Assigning a    0.000000     value.
WARNING: WQ_10 variable not found in netcdf file. Assigning a    0.000000     value.
WARNING: WQ_11 variable not found in netcdf file. Assigning a    0.000000     value.
WARNING: WQ_12 variable not found in netcdf file. Assigning a    0.000000     value.
WARNING: WQ_13 variable not found in netcdf file. Assigning a    0.000000     value.
WARNING: WQ_14 variable not found in netcdf file. Assigning a    0.000000     value.
WARNING: WQ_15 variable not found in netcdf file. Assigning a    0.000000     value.
WARNING: WQ_16 variable not found in netcdf file. Assigning a    0.000000     value.
WARNING: WQ_17 variable not found in netcdf file. Assigning a    0.000000     value.
TIME,CHAINAGE,DEPTH,SAL,TEMP, variables found in netcdf file. 4482 timesteps successfully read.
BC 11 is OK

BC 12, Type=OBC_CURT, ID=3
Update dt=   900.0000    s
BC Nodestring id = 3
BC reference time = 01/01/1990 00:00:00
BC time units = HOURS
BC variable offset/s =   0.00E+00  0.00E+00  0.00E+00  0.00E+00  0.00E+00  0.00E+00  0.00E+00  0.00E+00  0.00E+00  0.00E+00  0.00E+00  0.00E+00  0.00E+00  0.00E+00  0.00E+00  0.00E+00  0.00E+00  0.00E+00  0.00E+00  0.00E+00  0.00E+00  0.00E+00  0.00E+00  0.00E+00  0.00E+00
BC variable scale/s =   1.00E+00  1.00E+00  1.00E+00  1.00E+00  1.00E+00  1.00E+00  1.00E+00  1.00E+00  1.00E+00  1.00E+00  1.00E+00  1.00E+00  1.00E+00  1.00E+00  1.00E+00  1.00E+00  1.00E+00  1.00E+00  1.00E+00  1.00E+00  1.00E+00  1.00E+00  1.00E+00  1.00E+00  1.00E+00
BC default value/s =   0.00E+00  0.00E+00  0.00E+00  0.00E+00  0.00E+00  0.00E+00  0.00E+00  0.00E+00  0.00E+00  0.00E+00  0.00E+00  0.00E+00  0.00E+00  0.00E+00  0.00E+00  0.00E+00  0.00E+00  0.00E+00  0.00E+00  0.00E+00  0.00E+00  0.00E+00  0.00E+00  0.00E+00  0.00E+00
BC variable name/s =  TIME, CHAINAGE, ELEVATION, WL, U, V, SAL, TEMP, TRACE_1, WQ_1, WQ_2, WQ_3, WQ_4, WQ_5, WQ_6, WQ_7, WQ_8, WQ_9, WQ_10, WQ_11, WQ_12, WQ_13, WQ_14, WQ_15, WQ_16, WQ_17
BC file header/s =  TIME, CHAINAGE, DEPTH, DUMMY, DUMMY, DUMMY, SAL, TEMP, , , , , , , , , , , , , , , , , ,
Trying to open file: ../../includes/bc/4_sce/../../../bc_repo/4_sce/SCERM/CAN_Tide_20120315_20140331.nc ...OK
WARNING: CHAINAGE variable is stationary (no time dimension)
WARNING: DEPTH variable is stationary (no time dimension)
WARNING: DUMMY variable not found in netcdf file. Assigning a    0.000000     value.
WARNING: DUMMY variable not found in netcdf file. Assigning a    0.000000     value.
WARNING: DUMMY variable not found in netcdf file. Assigning a    0.000000     value.
WARNING: TRACE_1 variable not found in netcdf file. Assigning a    0.000000     value.
WARNING: WQ_1 variable not found in netcdf file. Assigning a    0.000000     value.
WARNING: WQ_2 variable not found in netcdf file. Assigning a    0.000000     value.
WARNING: WQ_3 variable not found in netcdf file. Assigning a    0.000000     value.
WARNING: WQ_4 variable not found in netcdf file. Assigning a    0.000000     value.
WARNING: WQ_5 variable not found in netcdf file. Assigning a    0.000000     value.
WARNING: WQ_6 variable not found in netcdf file. Assigning a    0.000000     value.
WARNING: WQ_7 variable not found in netcdf file. Assigning a    0.000000     value.
WARNING: WQ_8 variable not found in netcdf file. Assigning a    0.000000     value.
WARNING: WQ_9 variable not found in netcdf file. Assigning a    0.000000     value.
WARNING: WQ_10 variable not found in netcdf file. Assigning a    0.000000     value.
WARNING: WQ_11 variable not found in netcdf file. Assigning a    0.000000     value.
WARNING: WQ_12 variable not found in netcdf file. Assigning a    0.000000     value.
WARNING: WQ_13 variable not found in netcdf file. Assigning a    0.000000     value.
WARNING: WQ_14 variable not found in netcdf file. Assigning a    0.000000     value.
WARNING: WQ_15 variable not found in netcdf file. Assigning a    0.000000     value.
WARNING: WQ_16 variable not found in netcdf file. Assigning a    0.000000     value.
WARNING: WQ_17 variable not found in netcdf file. Assigning a    0.000000     value.
TIME,CHAINAGE,DEPTH,SAL,TEMP, variables found in netcdf file. 4482 timesteps successfully read.
BC 12 is OK

BC 13, Type=WL, ID=2
Subtype=1
BC Nodestring id = 2
BC variable name/s = TIME, WL, SAL, TEMP, TRACE_1, WQ_1, WQ_2, WQ_3, WQ_4, WQ_5, WQ_6, WQ_7, WQ_8, WQ_9, WQ_10, WQ_11, WQ_12, WQ_13, WQ_14, WQ_15, WQ_16, WQ_17
BC file header/s = ISOTime, wl, dummy, dummy, zeroes, TSS, Oxy, Amm, Nit, FRP, zeroes, DOC_T, POC_T, DON_T, PON_T, OP, OP, CHLA, CHLA, CHLA, CHLA, CHLA
BC reference time = 01/01/1990 00:00:00
BC time units = ISOTIME
BC variable offset/s =   0.00E+00, 0.00E+00, 0.00E+00, 0.00E+00, 0.00E+00, 0.00E+00, 0.00E+00, 0.00E+00, 0.00E+00, 0.00E+00, 0.00E+00, 0.00E+00, 0.00E+00, 0.00E+00, 0.00E+00, 0.00E+00, 0.00E+00, 0.00E+00, 0.00E+00, 0.00E+00, 0.00E+00
BC variable scale/s =   1.00E+00, 1.00E+00, 1.00E+00, 1.00E+00, 7.00E-01, 1.50E+00, 1.00E+00, 1.00E+00, 1.00E-01, 1.00E-01, 5.00E-01, 3.00E-01, 1.00E+00, 3.00E-01, 5.00E-01, 9.00E-01, 1.25E-01, 3.33E-01, 2.29E+00, 1.25E+00, 7.50E-03
BC variable default/s =   NaN, NaN, NaN, NaN, NaN, NaN, NaN, NaN, NaN, NaN, NaN, NaN, NaN, NaN, NaN, NaN, NaN, NaN, NaN, NaN, NaN
Trying to open file: ../../includes/bc/4_sce/../../../bc_repo/4_sce/CSV/NAR_Inflow_v2.csv ... OK. File unit: 101
WARNING: DUMMY column not found in csv file. Assigning a value of             NaN
WARNING: DUMMY column not found in csv file. Assigning a value of             NaN
ISOTime, wl, zeroes, TSS, Oxy, Amm, Nit, FRP, zeroes, DOC_T, POC_T, DON_T, PON_T, OP, OP, CHLA, CHLA, CHLA, CHLA, CHLA columns read from csvfile. 105193 lines successfully read.
Closing file unit: 101
BC 13 is OK

BC 14, Type=WL, ID=3
Subtype=1
BC Nodestring id = 3
BC variable name/s = TIME, WL, SAL, TEMP, TRACE_1, WQ_1, WQ_2, WQ_3, WQ_4, WQ_5, WQ_6, WQ_7, WQ_8, WQ_9, WQ_10, WQ_11, WQ_12, WQ_13, WQ_14, WQ_15, WQ_16, WQ_17
BC file header/s = ISOTime, wl, dummy, dummy, zeroes, TSS, Oxy, Amm, Nit, FRP, zeroes, DOC_T, POC_T, DON_T, PON_T, OP, OP, CHLA, CHLA, CHLA, CHLA, CHLA
BC reference time = 01/01/1990 00:00:00
BC time units = ISOTIME
BC variable offset/s =   0.00E+00, 0.00E+00, 0.00E+00, 0.00E+00, 0.00E+00, 0.00E+00, 0.00E+00, 0.00E+00, 0.00E+00, 0.00E+00, 0.00E+00, 0.00E+00, 0.00E+00, 0.00E+00, 0.00E+00, 0.00E+00, 0.00E+00, 0.00E+00, 0.00E+00, 0.00E+00, 0.00E+00
BC variable scale/s =   1.00E+00, 1.00E+00, 1.00E+00, 1.00E+00, 7.00E-01, 1.50E+00, 1.00E+00, 1.00E+00, 1.00E-01, 1.00E-01, 5.00E-01, 3.00E-01, 1.00E+00, 3.00E-01, 5.00E-01, 9.00E-01, 1.25E-01, 3.33E-01, 2.29E+00, 1.25E+00, 7.50E-03
BC variable default/s =   NaN, NaN, NaN, NaN, NaN, NaN, NaN, NaN, NaN, NaN, NaN, NaN, NaN, NaN, NaN, NaN, NaN, NaN, NaN, NaN, NaN
Trying to open file: ../../includes/bc/4_sce/../../../bc_repo/4_sce/CSV/Canning_Inflow_Tide_v1.csv ... OK. File unit: 101
WARNING: DUMMY column not found in csv file. Assigning a value of             NaN
WARNING: DUMMY column not found in csv file. Assigning a value of             NaN
ISOTime, wl, zeroes, TSS, Oxy, Amm, Nit, FRP, zeroes, DOC_T, POC_T, DON_T, PON_T, OP, OP, CHLA, CHLA, CHLA, CHLA, CHLA columns read from csvfile. 105193 lines successfully read.
Closing file unit: 101
BC 14 is OK

BC 15, Type=QC
Subtype=1
Cell id=863
BC variable name/s = TIME, Q, SAL, TEMP, TRACE_1, WQ_1, WQ_2, WQ_3, WQ_4, WQ_5, WQ_6, WQ_7, WQ_8, WQ_9, WQ_10, WQ_11, WQ_12, WQ_13, WQ_14, WQ_15, WQ_16, WQ_17
BC file header/s = Date, Q, Salt, Temp, Zeroes, Ones, DO, Ones, Ones, Ones, Ones, Ones, Ones, Ones, Ones, Ones, Ones, Ones, Ones, Ones, Ones, Ones
BC reference time = 01/01/1990 00:00:00
BC time units = ISOTIME
BC variable offset/s =   0.00E+00, 0.00E+00, 0.00E+00, 0.00E+00, 0.00E+00, 0.00E+00, 0.00E+00, 0.00E+00, 0.00E+00, 0.00E+00, 0.00E+00, 0.00E+00, 0.00E+00, 0.00E+00, 0.00E+00, 0.00E+00, 0.00E+00, 0.00E+00, 0.00E+00, 0.00E+00, 0.00E+00
BC variable scale/s =   1.00E+00, 1.00E+00, 1.00E+00, 1.00E+00, 1.00E-02, 1.00E+00, 1.00E-02, 1.00E-02, 1.00E-02, 1.00E-02, 1.00E-02, 1.00E-02, 1.00E-02, 1.00E-02, 1.00E-02, 1.00E-02, 1.00E-02, 1.00E-02, 1.00E-02, 1.00E-02, 1.00E-02
BC variable default/s =   0.00E+00, 0.00E+00, 0.00E+00, 0.00E+00, 0.00E+00, 0.00E+00, 0.00E+00, 0.00E+00, 0.00E+00, 0.00E+00, 0.00E+00, 0.00E+00, 0.00E+00, 0.00E+00, 0.00E+00, 0.00E+00, 0.00E+00, 0.00E+00, 0.00E+00, 0.00E+00, 0.00E+00
Trying to open file: ../../includes/bc/7_discharges/../../../bc_repo/7_discharges/PSDP/PSDP1_20130101_20140101_wq.csv ... OK. File unit: 101
WARNING: ZEROES column not found in csv file. Assigning a value of    0.000000
Date, Q, Salt, Temp, Ones, DO, Ones, Ones, Ones, Ones, Ones, Ones, Ones, Ones, Ones, Ones, Ones, Ones, Ones, Ones, Ones columns read from csvfile. 2911 lines successfully read.
Closing file unit: 101
Vertical Distribution Type=1 (DEPTH)
Trying to open file: ../../includes/bc/7_discharges/../../../bc_repo/7_discharges/DischargeDepth_001.csv ... OK. File unit: 101
 DEPTH, WEIGHT columns read from csvfile. 4 lines successfully read.
Closing file unit: 101
BC 15 is OK

BC 16, Type=QC
Subtype=1
Cell id=2174
BC variable name/s = TIME, Q, SAL, TEMP, TRACE_1, WQ_1, WQ_2, WQ_3, WQ_4, WQ_5, WQ_6, WQ_7, WQ_8, WQ_9, WQ_10, WQ_11, WQ_12, WQ_13, WQ_14, WQ_15, WQ_16, WQ_17
BC file header/s = Date, Q, Salt, Temp, Zeroes, Ones, DO, Ones, Ones, Ones, Ones, Ones, Ones, Ones, Ones, Ones, Ones, Ones, Ones, Ones, Ones, Ones
BC reference time = 01/01/1990 00:00:00
BC time units = ISOTIME
BC variable offset/s =   0.00E+00, 0.00E+00, 0.00E+00, 0.00E+00, 0.00E+00, 0.00E+00, 0.00E+00, 0.00E+00, 0.00E+00, 0.00E+00, 0.00E+00, 0.00E+00, 0.00E+00, 0.00E+00, 0.00E+00, 0.00E+00, 0.00E+00, 0.00E+00, 0.00E+00, 0.00E+00, 0.00E+00
BC variable scale/s =   1.00E+00, 1.00E+00, 1.00E+00, 1.00E+00, 1.00E-02, 1.00E+00, 1.00E-02, 1.00E-02, 1.00E-02, 1.00E-02, 1.00E-02, 1.00E-02, 1.00E-02, 1.00E-02, 1.00E-02, 1.00E-02, 1.00E-02, 1.00E-02, 1.00E-02, 1.00E-02, 1.00E-02
BC variable default/s =   0.00E+00, 0.00E+00, 0.00E+00, 0.00E+00, 0.00E+00, 0.00E+00, 0.00E+00, 0.00E+00, 0.00E+00, 0.00E+00, 0.00E+00, 0.00E+00, 0.00E+00, 0.00E+00, 0.00E+00, 0.00E+00, 0.00E+00, 0.00E+00, 0.00E+00, 0.00E+00, 0.00E+00
Trying to open file: ../../includes/bc/7_discharges/../../../bc_repo/7_discharges/TiWest/TiWest_20130101_20140101_wq.csv ... OK. File unit: 101
WARNING: ZEROES column not found in csv file. Assigning a value of    0.000000
Date, Q, Salt, Temp, Ones, DO, Ones, Ones, Ones, Ones, Ones, Ones, Ones, Ones, Ones, Ones, Ones, Ones, Ones, Ones, Ones columns read from csvfile. 2911 lines successfully read.
Closing file unit: 101
Vertical Distribution Type=1 (DEPTH)
Trying to open file: ../../includes/bc/7_discharges/../../../bc_repo/7_discharges/DischargeDepth_001.csv ... OK. File unit: 101
 DEPTH, WEIGHT columns read from csvfile. 4 lines successfully read.
Closing file unit: 101
BC 16 is OK

BC 17, Type=QC
Subtype=1
Cell id=1796
BC variable name/s = TIME, Q, SAL, TEMP, TRACE_1, WQ_1, WQ_2, WQ_3, WQ_4, WQ_5, WQ_6, WQ_7, WQ_8, WQ_9, WQ_10, WQ_11, WQ_12, WQ_13, WQ_14, WQ_15, WQ_16, WQ_17
BC file header/s = Date, Q, Salt, Temp, Zeroes, Ones, DO, Ones, Ones, Ones, Ones, Ones, Ones, Ones, Ones, Ones, Ones, Ones, Ones, Ones, Ones, Ones
BC reference time = 01/01/1990 00:00:00
BC time units = ISOTIME
BC variable offset/s =   0.00E+00, 0.00E+00, 0.00E+00, 0.00E+00, 0.00E+00, 0.00E+00, 0.00E+00, 0.00E+00, 0.00E+00, 0.00E+00, 0.00E+00, 0.00E+00, 0.00E+00, 0.00E+00, 0.00E+00, 0.00E+00, 0.00E+00, 0.00E+00, 0.00E+00, 0.00E+00, 0.00E+00
BC variable scale/s =   1.00E+00, 1.00E+00, 1.00E+00, 1.00E+00, 1.00E-02, 1.00E+00, 1.00E-02, 1.00E-02, 1.00E-02, 1.00E-02, 1.00E-02, 1.00E-02, 1.00E-02, 1.00E-02, 1.00E-02, 1.00E-02, 1.00E-02, 1.00E-02, 1.00E-02, 1.00E-02, 1.00E-02
BC variable default/s =   0.00E+00, 0.00E+00, 0.00E+00, 0.00E+00, 0.00E+00, 0.00E+00, 0.00E+00, 0.00E+00, 0.00E+00, 0.00E+00, 0.00E+00, 0.00E+00, 0.00E+00, 0.00E+00, 0.00E+00, 0.00E+00, 0.00E+00, 0.00E+00, 0.00E+00, 0.00E+00, 0.00E+00
Trying to open file: ../../includes/bc/7_discharges/../../../bc_repo/7_discharges/BP/BP_20130101_20140101_wq.csv ... OK. File unit: 101
WARNING: ZEROES column not found in csv file. Assigning a value of    0.000000
Date, Q, Salt, Temp, Ones, DO, Ones, Ones, Ones, Ones, Ones, Ones, Ones, Ones, Ones, Ones, Ones, Ones, Ones, Ones, Ones columns read from csvfile. 2911 lines successfully read.
Closing file unit: 101
Vertical Distribution Type=1 (DEPTH)
Trying to open file: ../../includes/bc/7_discharges/../../../bc_repo/7_discharges/DischargeDepth_001.csv ... OK. File unit: 101
 DEPTH, WEIGHT columns read from csvfile. 4 lines successfully read.
Closing file unit: 101
BC 17 is OK

BC 18, Type=QC
Subtype=1
Cell id=423
BC variable name/s = TIME, Q, SAL, TEMP, TRACE_1, WQ_1, WQ_2, WQ_3, WQ_4, WQ_5, WQ_6, WQ_7, WQ_8, WQ_9, WQ_10, WQ_11, WQ_12, WQ_13, WQ_14, WQ_15, WQ_16, WQ_17
BC file header/s = Date, Q, Salt, Temp, Zeroes, Ones, DO, Ones, Ones, Ones, Ones, Ones, Ones, Ones, Ones, Ones, Ones, Ones, Ones, Ones, Ones, Ones
BC reference time = 01/01/1990 00:00:00
BC time units = ISOTIME
BC variable offset/s =   0.00E+00, 0.00E+00, 0.00E+00, 0.00E+00, 0.00E+00, 0.00E+00, 0.00E+00, 0.00E+00, 0.00E+00, 0.00E+00, 0.00E+00, 0.00E+00, 0.00E+00, 0.00E+00, 0.00E+00, 0.00E+00, 0.00E+00, 0.00E+00, 0.00E+00, 0.00E+00, 0.00E+00
BC variable scale/s =   1.00E+00, 1.00E+00, 1.00E+00, 1.00E+00, 1.00E-02, 1.00E+00, 1.00E-02, 1.00E-02, 1.00E-02, 1.00E-02, 1.00E-02, 1.00E-02, 1.00E-02, 1.00E-02, 1.00E-02, 1.00E-02, 1.00E-02, 1.00E-02, 1.00E-02, 1.00E-02, 1.00E-02
BC variable default/s =   0.00E+00, 0.00E+00, 0.00E+00, 0.00E+00, 0.00E+00, 0.00E+00, 0.00E+00, 0.00E+00, 0.00E+00, 0.00E+00, 0.00E+00, 0.00E+00, 0.00E+00, 0.00E+00, 0.00E+00, 0.00E+00, 0.00E+00, 0.00E+00, 0.00E+00, 0.00E+00, 0.00E+00
Trying to open file: ../../includes/bc/7_discharges/../../../bc_repo/7_discharges/KPS/KPS_A_B_20130101_20140101_wq.csv ... OK. File unit: 101
WARNING: ZEROES column not found in csv file. Assigning a value of    0.000000
Date, Q, Salt, Temp, Ones, DO, Ones, Ones, Ones, Ones, Ones, Ones, Ones, Ones, Ones, Ones, Ones, Ones, Ones, Ones, Ones columns read from csvfile. 2911 lines successfully read.
Closing file unit: 101
Vertical Distribution Type=1 (DEPTH)
Trying to open file: ../../includes/bc/7_discharges/../../../bc_repo/7_discharges/DischargeDepth_001.csv ... OK. File unit: 101
 DEPTH, WEIGHT columns read from csvfile. 4 lines successfully read.
Closing file unit: 101
BC 18 is OK

BC 19, Type=QC
Subtype=1
Cell id=318
BC variable name/s = TIME, Q, SAL, TEMP, TRACE_1, WQ_1, WQ_2, WQ_3, WQ_4, WQ_5, WQ_6, WQ_7, WQ_8, WQ_9, WQ_10, WQ_11, WQ_12, WQ_13, WQ_14, WQ_15, WQ_16, WQ_17
BC file header/s = Date, Q, Salt, Temp, Zeroes, Ones, DO, Ones, Ones, Ones, Ones, Ones, Ones, Ones, Ones, Ones, Ones, Ones, Ones, Ones, Ones, Ones
BC reference time = 01/01/1990 00:00:00
BC time units = ISOTIME
BC variable offset/s =   0.00E+00, 0.00E+00, 0.00E+00, 0.00E+00, 0.00E+00, 0.00E+00, 0.00E+00, 0.00E+00, 0.00E+00, 0.00E+00, 0.00E+00, 0.00E+00, 0.00E+00, 0.00E+00, 0.00E+00, 0.00E+00, 0.00E+00, 0.00E+00, 0.00E+00, 0.00E+00, 0.00E+00
BC variable scale/s =   1.00E+00, 1.00E+00, 1.00E+00, 1.00E+00, 1.00E-02, 1.00E+00, 1.00E-02, 1.00E-02, 1.00E-02, 1.00E-02, 1.00E-02, 1.00E-02, 1.00E-02, 1.00E-02, 1.00E-02, 1.00E-02, 1.00E-02, 1.00E-02, 1.00E-02, 1.00E-02, 1.00E-02
BC variable default/s =   0.00E+00, 0.00E+00, 0.00E+00, 0.00E+00, 0.00E+00, 0.00E+00, 0.00E+00, 0.00E+00, 0.00E+00, 0.00E+00, 0.00E+00, 0.00E+00, 0.00E+00, 0.00E+00, 0.00E+00, 0.00E+00, 0.00E+00, 0.00E+00, 0.00E+00, 0.00E+00, 0.00E+00
Trying to open file: ../../includes/bc/7_discharges/../../../bc_repo/7_discharges/KPS/KPS_C_CPS_20130101_20140101_wq.csv ... OK. File unit: 101
WARNING: ZEROES column not found in csv file. Assigning a value of    0.000000
Date, Q, Salt, Temp, Ones, DO, Ones, Ones, Ones, Ones, Ones, Ones, Ones, Ones, Ones, Ones, Ones, Ones, Ones, Ones, Ones columns read from csvfile. 2911 lines successfully read.
Closing file unit: 101
Vertical Distribution Type=1 (DEPTH)
Trying to open file: ../../includes/bc/7_discharges/../../../bc_repo/7_discharges/DischargeDepth_001.csv ... OK. File unit: 101
 DEPTH, WEIGHT columns read from csvfile. 4 lines successfully read.
Closing file unit: 101
BC 19 is OK

BC 20, Type=QC
Subtype=1
Cell id=11490
BC variable name/s = TIME, Q, SAL, TEMP, TRACE_1, WQ_1, WQ_2, WQ_3, WQ_4, WQ_5, WQ_6, WQ_7, WQ_8, WQ_9, WQ_10, WQ_11, WQ_12, WQ_13, WQ_14, WQ_15, WQ_16, WQ_17
BC file header/s = Date, Q, Salt, Temp, Zeroes, Ones, DO, Ones, Ones, Ones, Ones, Ones, Ones, Ones, Ones, Ones, Ones, Ones, Ones, Ones, Ones, Ones
BC reference time = 01/01/1990 00:00:00
BC time units = ISOTIME
BC variable offset/s =   0.00E+00, 0.00E+00, 0.00E+00, 0.00E+00, 0.00E+00, 0.00E+00, 0.00E+00, 0.00E+00, 0.00E+00, 0.00E+00, 0.00E+00, 0.00E+00, 0.00E+00, 0.00E+00, 0.00E+00, 0.00E+00, 0.00E+00, 0.00E+00, 0.00E+00, 0.00E+00, 0.00E+00
BC variable scale/s =   1.00E+00, 1.00E+00, 1.00E+00, 1.00E+00, 2.64E+01, 1.00E+00, 7.10E-01, 1.00E-02, 1.00E-01, 1.00E-02, 1.00E-02, 1.00E-02, 7.00E-01, 1.00E-02, 9.00E-02, 1.00E-02, 1.00E-02, 1.00E-02, 1.00E-02, 1.00E-02, 1.00E-02
BC variable default/s =   0.00E+00, 0.00E+00, 0.00E+00, 0.00E+00, 0.00E+00, 0.00E+00, 0.00E+00, 0.00E+00, 0.00E+00, 0.00E+00, 0.00E+00, 0.00E+00, 0.00E+00, 0.00E+00, 0.00E+00, 0.00E+00, 0.00E+00, 0.00E+00, 0.00E+00, 0.00E+00, 0.00E+00
Trying to open file: ../../includes/bc/7_discharges/../../../bc_repo/7_discharges/SDOOL/SDOOL_20130101_20140101_wq.csv ... OK. File unit: 101
WARNING: ZEROES column not found in csv file. Assigning a value of    0.000000
Date, Q, Salt, Temp, Ones, DO, Ones, Ones, Ones, Ones, Ones, Ones, Ones, Ones, Ones, Ones, Ones, Ones, Ones, Ones, Ones columns read from csvfile. 2911 lines successfully read.
Closing file unit: 101
Vertical Distribution Type=1 (DEPTH)
Trying to open file: ../../includes/bc/7_discharges/../../../bc_repo/7_discharges/DischargeDepth_001.csv ... OK. File unit: 101
 DEPTH, WEIGHT columns read from csvfile. 4 lines successfully read.
Closing file unit: 101
BC 20 is OK

BC 21, Type=QC
Subtype=1
Cell id=381
BC variable name/s = TIME, Q, SAL, TEMP, TRACE_1, WQ_1, WQ_2, WQ_3, WQ_4, WQ_5, WQ_6, WQ_7, WQ_8, WQ_9, WQ_10, WQ_11, WQ_12, WQ_13, WQ_14, WQ_15, WQ_16, WQ_17
BC file header/s = Date, Q, SAL, TEMP, TRACE_1, WQ_1, WQ_2, WQ_3, WQ_4, WQ_5, WQ_6, WQ_7, WQ_8, WQ_9, WQ_10, WQ_11, WQ_12, WQ_13, WQ_14, WQ_15, WQ_16, WQ_17
BC reference time = 01/01/1990 00:00:00
BC time units = ISOTIME
BC variable offset/s =   0.00E+00, 0.00E+00, 0.00E+00, 0.00E+00, 0.00E+00, 0.00E+00, 0.00E+00, 0.00E+00, 0.00E+00, 0.00E+00, 0.00E+00, 0.00E+00, 0.00E+00, 0.00E+00, 0.00E+00, 0.00E+00, 0.00E+00, 0.00E+00, 0.00E+00, 0.00E+00, 0.00E+00
BC variable scale/s =  -1.64E+00, 1.00E+00, 1.00E+00, 1.00E+00, 1.00E+00, 1.00E+00, 1.00E+00, 1.00E+00, 1.00E+00, 1.00E+00, 1.00E+00, 1.00E+00, 1.00E+00, 1.00E+00, 1.00E+00, 1.00E+00, 1.00E+00, 1.00E+00, 1.00E+00, 1.00E+00, 1.00E+00
BC variable default/s =   NaN, NaN, NaN, NaN, NaN, NaN, NaN, NaN, NaN, NaN, NaN, NaN, NaN, NaN, NaN, NaN, NaN, NaN, NaN, NaN, NaN
Trying to open file: ../../includes/bc/7_discharges/../../../bc_repo/8_intakes/PSDP/PSDP1_20130101_20140101_wq.csv ... OK. File unit: 101
WARNING: SAL column not found in csv file. Assigning a value of             NaN
WARNING: TRACE_1 column not found in csv file. Assigning a value of             NaN
WARNING: WQ_1 column not found in csv file. Assigning a value of             NaN
WARNING: WQ_2 column not found in csv file. Assigning a value of             NaN
WARNING: WQ_3 column not found in csv file. Assigning a value of             NaN
WARNING: WQ_4 column not found in csv file. Assigning a value of             NaN
WARNING: WQ_5 column not found in csv file. Assigning a value of             NaN
WARNING: WQ_6 column not found in csv file. Assigning a value of             NaN
WARNING: WQ_7 column not found in csv file. Assigning a value of             NaN
WARNING: WQ_8 column not found in csv file. Assigning a value of             NaN
WARNING: WQ_9 column not found in csv file. Assigning a value of             NaN
WARNING: WQ_10 column not found in csv file. Assigning a value of             NaN
WARNING: WQ_11 column not found in csv file. Assigning a value of             NaN
WARNING: WQ_12 column not found in csv file. Assigning a value of             NaN
WARNING: WQ_13 column not found in csv file. Assigning a value of             NaN
WARNING: WQ_14 column not found in csv file. Assigning a value of             NaN
WARNING: WQ_15 column not found in csv file. Assigning a value of             NaN
WARNING: WQ_16 column not found in csv file. Assigning a value of             NaN
WARNING: WQ_17 column not found in csv file. Assigning a value of             NaN
Date, Q, TEMP columns read from csvfile. 2911 lines successfully read.
Closing file unit: 101
Vertical Distribution Type=3 (HEIGHT)
Trying to open file: ../../includes/bc/7_discharges/../../../bc_repo/8_intakes/IntakeExtractionHeight_001.csv ... OK. File unit: 101
 HEIGHT, WEIGHT columns read from csvfile. 6 lines successfully read.
Closing file unit: 101
BC 21 is OK

BC 22, Type=QC
Subtype=1
Cell id=2175
BC variable name/s = TIME, Q, SAL, TEMP, TRACE_1, WQ_1, WQ_2, WQ_3, WQ_4, WQ_5, WQ_6, WQ_7, WQ_8, WQ_9, WQ_10, WQ_11, WQ_12, WQ_13, WQ_14, WQ_15, WQ_16, WQ_17
BC file header/s = DATE, Q, SAL, TEMP, TRACE_1, WQ_1, WQ_2, WQ_3, WQ_4, WQ_5, WQ_6, WQ_7, WQ_8, WQ_9, WQ_10, WQ_11, WQ_12, WQ_13, WQ_14, WQ_15, WQ_16, WQ_17
BC reference time = 01/01/1990 00:00:00
BC time units = ISOTIME
BC variable offset/s =   0.00E+00, 0.00E+00, 0.00E+00, 0.00E+00, 0.00E+00, 0.00E+00, 0.00E+00, 0.00E+00, 0.00E+00, 0.00E+00, 0.00E+00, 0.00E+00, 0.00E+00, 0.00E+00, 0.00E+00, 0.00E+00, 0.00E+00, 0.00E+00, 0.00E+00, 0.00E+00, 0.00E+00
BC variable scale/s =  -1.00E+00, 1.00E+00, 1.00E+00, 1.00E+00, 1.00E+00, 1.00E+00, 1.00E+00, 1.00E+00, 1.00E+00, 1.00E+00, 1.00E+00, 1.00E+00, 1.00E+00, 1.00E+00, 1.00E+00, 1.00E+00, 1.00E+00, 1.00E+00, 1.00E+00, 1.00E+00, 1.00E+00
BC variable default/s =   NaN, NaN, NaN, NaN, NaN, NaN, NaN, NaN, NaN, NaN, NaN, NaN, NaN, NaN, NaN, NaN, NaN, NaN, NaN, NaN, NaN
Trying to open file: ../../includes/bc/7_discharges/../../../bc_repo/8_intakes/BP/CSound_Apr2013_PRP_BP_Intake.csv ... OK. File unit: 101
WARNING: SAL column not found in csv file. Assigning a value of             NaN
WARNING: TRACE_1 column not found in csv file. Assigning a value of             NaN
WARNING: WQ_1 column not found in csv file. Assigning a value of             NaN
WARNING: WQ_2 column not found in csv file. Assigning a value of             NaN
WARNING: WQ_3 column not found in csv file. Assigning a value of             NaN
WARNING: WQ_4 column not found in csv file. Assigning a value of             NaN
WARNING: WQ_5 column not found in csv file. Assigning a value of             NaN
WARNING: WQ_6 column not found in csv file. Assigning a value of             NaN
WARNING: WQ_7 column not found in csv file. Assigning a value of             NaN
WARNING: WQ_8 column not found in csv file. Assigning a value of             NaN
WARNING: WQ_9 column not found in csv file. Assigning a value of             NaN
WARNING: WQ_10 column not found in csv file. Assigning a value of             NaN
WARNING: WQ_11 column not found in csv file. Assigning a value of             NaN
WARNING: WQ_12 column not found in csv file. Assigning a value of             NaN
WARNING: WQ_13 column not found in csv file. Assigning a value of             NaN
WARNING: WQ_14 column not found in csv file. Assigning a value of             NaN
WARNING: WQ_15 column not found in csv file. Assigning a value of             NaN
WARNING: WQ_16 column not found in csv file. Assigning a value of             NaN
WARNING: WQ_17 column not found in csv file. Assigning a value of             NaN
DATE, Q, TEMP columns read from csvfile. 7201 lines successfully read.
Closing file unit: 101
Vertical Distribution Type=3 (HEIGHT)
Trying to open file: ../../includes/bc/7_discharges/../../../bc_repo/8_intakes/IntakeExtractionHeight_001.csv ... OK. File unit: 101
 HEIGHT, WEIGHT columns read from csvfile. 6 lines successfully read.
Closing file unit: 101
BC 22 is OK

BC 23, Type=QC
Subtype=1
Cell id=357
BC variable name/s = TIME, Q, SAL, TEMP, TRACE_1, WQ_1, WQ_2, WQ_3, WQ_4, WQ_5, WQ_6, WQ_7, WQ_8, WQ_9, WQ_10, WQ_11, WQ_12, WQ_13, WQ_14, WQ_15, WQ_16, WQ_17
BC file header/s = DATE, Q, SAL, TEMP, TRACE_1, WQ_1, WQ_2, WQ_3, WQ_4, WQ_5, WQ_6, WQ_7, WQ_8, WQ_9, WQ_10, WQ_11, WQ_12, WQ_13, WQ_14, WQ_15, WQ_16, WQ_17
BC reference time = 01/01/1990 00:00:00
BC time units = ISOTIME
BC variable offset/s =   0.00E+00, 0.00E+00, 0.00E+00, 0.00E+00, 0.00E+00, 0.00E+00, 0.00E+00, 0.00E+00, 0.00E+00, 0.00E+00, 0.00E+00, 0.00E+00, 0.00E+00, 0.00E+00, 0.00E+00, 0.00E+00, 0.00E+00, 0.00E+00, 0.00E+00, 0.00E+00, 0.00E+00
BC variable scale/s =  -1.00E+00, 1.00E+00, 1.00E+00, 1.00E+00, 1.00E+00, 1.00E+00, 1.00E+00, 1.00E+00, 1.00E+00, 1.00E+00, 1.00E+00, 1.00E+00, 1.00E+00, 1.00E+00, 1.00E+00, 1.00E+00, 1.00E+00, 1.00E+00, 1.00E+00, 1.00E+00, 1.00E+00
BC variable default/s =   NaN, NaN, NaN, NaN, NaN, NaN, NaN, NaN, NaN, NaN, NaN, NaN, NaN, NaN, NaN, NaN, NaN, NaN, NaN, NaN, NaN
Trying to open file: ../../includes/bc/7_discharges/../../../bc_repo/8_intakes/Verve/CSound_Apr2013_PRP_VerveSouth_Intake.csv ... OK. File unit: 101
WARNING: SAL column not found in csv file. Assigning a value of             NaN
WARNING: TRACE_1 column not found in csv file. Assigning a value of             NaN
WARNING: WQ_1 column not found in csv file. Assigning a value of             NaN
WARNING: WQ_2 column not found in csv file. Assigning a value of             NaN
WARNING: WQ_3 column not found in csv file. Assigning a value of             NaN
WARNING: WQ_4 column not found in csv file. Assigning a value of             NaN
WARNING: WQ_5 column not found in csv file. Assigning a value of             NaN
WARNING: WQ_6 column not found in csv file. Assigning a value of             NaN
WARNING: WQ_7 column not found in csv file. Assigning a value of             NaN
WARNING: WQ_8 column not found in csv file. Assigning a value of             NaN
WARNING: WQ_9 column not found in csv file. Assigning a value of             NaN
WARNING: WQ_10 column not found in csv file. Assigning a value of             NaN
WARNING: WQ_11 column not found in csv file. Assigning a value of             NaN
WARNING: WQ_12 column not found in csv file. Assigning a value of             NaN
WARNING: WQ_13 column not found in csv file. Assigning a value of             NaN
WARNING: WQ_14 column not found in csv file. Assigning a value of             NaN
WARNING: WQ_15 column not found in csv file. Assigning a value of             NaN
WARNING: WQ_16 column not found in csv file. Assigning a value of             NaN
WARNING: WQ_17 column not found in csv file. Assigning a value of             NaN
DATE, Q, TEMP columns read from csvfile. 7201 lines successfully read.
Closing file unit: 101
Vertical Distribution Type=3 (HEIGHT)
Trying to open file: ../../includes/bc/7_discharges/../../../bc_repo/8_intakes/IntakeExtractionHeight_001.csv ... OK. File unit: 101
 HEIGHT, WEIGHT columns read from csvfile. 6 lines successfully read.
Closing file unit: 101
BC 23 is OK

BC 24, Type=QC
Subtype=1
Cell id=436
BC variable name/s = TIME, Q, SAL, TEMP, TRACE_1, WQ_1, WQ_2, WQ_3, WQ_4, WQ_5, WQ_6, WQ_7, WQ_8, WQ_9, WQ_10, WQ_11, WQ_12, WQ_13, WQ_14, WQ_15, WQ_16, WQ_17
BC file header/s = DATE, Q, SAL, TEMP, TRACE_1, WQ_1, WQ_2, WQ_3, WQ_4, WQ_5, WQ_6, WQ_7, WQ_8, WQ_9, WQ_10, WQ_11, WQ_12, WQ_13, WQ_14, WQ_15, WQ_16, WQ_17
BC reference time = 01/01/1990 00:00:00
BC time units = ISOTIME
BC variable offset/s =   0.00E+00, 0.00E+00, 0.00E+00, 0.00E+00, 0.00E+00, 0.00E+00, 0.00E+00, 0.00E+00, 0.00E+00, 0.00E+00, 0.00E+00, 0.00E+00, 0.00E+00, 0.00E+00, 0.00E+00, 0.00E+00, 0.00E+00, 0.00E+00, 0.00E+00, 0.00E+00, 0.00E+00
BC variable scale/s =  -1.00E+00, 1.00E+00, 1.00E+00, 1.00E+00, 1.00E+00, 1.00E+00, 1.00E+00, 1.00E+00, 1.00E+00, 1.00E+00, 1.00E+00, 1.00E+00, 1.00E+00, 1.00E+00, 1.00E+00, 1.00E+00, 1.00E+00, 1.00E+00, 1.00E+00, 1.00E+00, 1.00E+00
BC variable default/s =   NaN, NaN, NaN, NaN, NaN, NaN, NaN, NaN, NaN, NaN, NaN, NaN, NaN, NaN, NaN, NaN, NaN, NaN, NaN, NaN, NaN
Trying to open file: ../../includes/bc/7_discharges/../../../bc_repo/8_intakes/Verve/CSound_Apr2013_PRP_VerveNorth_Intake.csv ... OK. File unit: 101
WARNING: SAL column not found in csv file. Assigning a value of             NaN
WARNING: TRACE_1 column not found in csv file. Assigning a value of             NaN
WARNING: WQ_1 column not found in csv file. Assigning a value of             NaN
WARNING: WQ_2 column not found in csv file. Assigning a value of             NaN
WARNING: WQ_3 column not found in csv file. Assigning a value of             NaN
WARNING: WQ_4 column not found in csv file. Assigning a value of             NaN
WARNING: WQ_5 column not found in csv file. Assigning a value of             NaN
WARNING: WQ_6 column not found in csv file. Assigning a value of             NaN
WARNING: WQ_7 column not found in csv file. Assigning a value of             NaN
WARNING: WQ_8 column not found in csv file. Assigning a value of             NaN
WARNING: WQ_9 column not found in csv file. Assigning a value of             NaN
WARNING: WQ_10 column not found in csv file. Assigning a value of             NaN
WARNING: WQ_11 column not found in csv file. Assigning a value of             NaN
WARNING: WQ_12 column not found in csv file. Assigning a value of             NaN
WARNING: WQ_13 column not found in csv file. Assigning a value of             NaN
WARNING: WQ_14 column not found in csv file. Assigning a value of             NaN
WARNING: WQ_15 column not found in csv file. Assigning a value of             NaN
WARNING: WQ_16 column not found in csv file. Assigning a value of             NaN
WARNING: WQ_17 column not found in csv file. Assigning a value of             NaN
DATE, Q, TEMP columns read from csvfile. 7201 lines successfully read.
Closing file unit: 101
Vertical Distribution Type=3 (HEIGHT)
Trying to open file: ../../includes/bc/7_discharges/../../../bc_repo/8_intakes/IntakeExtractionHeight_001.csv ... OK. File unit: 101
 HEIGHT, WEIGHT columns read from csvfile. 6 lines successfully read.
Closing file unit: 101
BC 24 is OK

Finished constructing fvbc object.

Initialising ghost cell boundary conditions...
Finished initialising ghost cell boundary conditions.

Initialising face object boundary conditions...
Finished initialising face object boundary conditions.

Successfully initialised model boundary conditions.

Attempting to intitialise external water quality model:

**************************************************************************
WATER QUALITY MODEL INITIALISATION
**************************************************************************

Initialising "AED" external module:
Successful.
17 water quality variables to be simulated:
  1 NCS_ss1
  2 OXY_oxy
  3 NIT_amm
  4 NIT_nit
  5 PHS_frp
  6 PHS_frp_ads
  7 OGM_doc
  8 OGM_poc
  9 OGM_don
  10 OGM_pon
  11 OGM_dop
  12 OGM_pop
  13 PHY_grn
  14 PHY_bga
  15 PHY_crypt
  16 PHY_mdiat
  17 PHY_dino
1 benthic variables to be simulated:
  1 NCS_ss1_sed
189 diagnostic variables to be reported:
  1 SDF_Fsed_oxy
  2 SDF_Fsed_rsi
  3 SDF_Fsed_amm
  4 SDF_Fsed_nit
  5 SDF_Fsed_frp
  6 SDF_Fsed_doc
  7 SDF_Fsed_don
  8 SDF_Fsed_dop
  9 NCS_ss1_vvel
  10 NCS_ss1_set
  11 NCS_ss_sed
  12 NCS_tau_0
  13 NCS_epsilon
  14 NCS_fs1
  15 NCS_set
  16 NCS_swi
  17 NCS_swi_dz
  18 NCS_resus
  19 NCS_d_taub
  20 OXY_sat
  21 OXY_oxy_dsf
  22 OXY_oxy_atm
  23 OXY_oxy_dsfv
  24 OXY_oxy_atmv
  25 NIT_amm_dsf
  26 NIT_nit_dsf
  27 NIT_nitrif
  28 NIT_denit
  29 NIT_anammox
  30 NIT_dnra
  31 NIT_din_atm
  32 PHS_frp_ads_set
  33 PHS_frp_ads_res
  34 PHS_frp_ads_swi
  35 PHS_frp_srp
  36 PHS_frp_dsf
  37 PHS_dip_atm
  38 OGM_poc_set
  39 OGM_pon_set
  40 OGM_pop_set
  41 OGM_cdom
  42 OGM_toc_sed
  43 OGM_ton_sed
  44 OGM_top_sed
  45 OGM_poc_swi
  46 OGM_doc_swi
  47 OGM_pon_swi
  48 OGM_don_swi
  49 OGM_pop_swi
  50 OGM_dop_swi
  51 OGM_poc_res
  52 OGM_pon_res
  53 OGM_pop_res
  54 OGM_poc_hyd
  55 OGM_pon_hyd
  56 OGM_pop_hyd
  57 OGM_doc_min
  58 OGM_don_min
  59 OGM_dop_min
  60 OGM_doc_anaerobic
  61 OGM_doc_denit
  62 OGM_bod5
  63 OGM_pom_vvel
  64 PHY_grn_NtoP
  65 PHY_grn_fI
  66 PHY_grn_fNit
  67 PHY_grn_fPho
  68 PHY_grn_fSil
  69 PHY_grn_fT
  70 PHY_grn_fSal
  71 PHY_grn_gpp_c
  72 PHY_grn_rsp_c
  73 PHY_grn_exc_c
  74 PHY_grn_mor_c
  75 PHY_grn_set_c
  76 PHY_grn_gpp_n
  77 PHY_grn_rsp_n
  78 PHY_grn_exc_n
  79 PHY_grn_mor_n
  80 PHY_grn_set_n
  81 PHY_grn_gpp_p
  82 PHY_grn_rsp_p
  83 PHY_grn_exc_p
  84 PHY_grn_mor_p
  85 PHY_grn_set_p
  86 PHY_bga_NtoP
  87 PHY_bga_fI
  88 PHY_bga_fNit
  89 PHY_bga_fPho
  90 PHY_bga_fSil
  91 PHY_bga_fT
  92 PHY_bga_fSal
  93 PHY_bga_gpp_c
  94 PHY_bga_rsp_c
  95 PHY_bga_exc_c
  96 PHY_bga_mor_c
  97 PHY_bga_set_c
  98 PHY_bga_gpp_n
  99 PHY_bga_rsp_n
  100 PHY_bga_exc_n
  101 PHY_bga_mor_n
  102 PHY_bga_set_n
  103 PHY_bga_gpp_p
  104 PHY_bga_rsp_p
  105 PHY_bga_exc_p
  106 PHY_bga_mor_p
  107 PHY_bga_set_p
  108 PHY_crypt_NtoP
  109 PHY_crypt_fI
  110 PHY_crypt_fNit
  111 PHY_crypt_fPho
  112 PHY_crypt_fSil
  113 PHY_crypt_fT
  114 PHY_crypt_fSal
  115 PHY_crypt_gpp_c
  116 PHY_crypt_rsp_c
  117 PHY_crypt_exc_c
  118 PHY_crypt_mor_c
  119 PHY_crypt_set_c
  120 PHY_crypt_gpp_n
  121 PHY_crypt_rsp_n
  122 PHY_crypt_exc_n
  123 PHY_crypt_mor_n
  124 PHY_crypt_set_n
  125 PHY_crypt_gpp_p
  126 PHY_crypt_rsp_p
  127 PHY_crypt_exc_p
  128 PHY_crypt_mor_p
  129 PHY_crypt_set_p
  130 PHY_mdiat_NtoP
  131 PHY_mdiat_fI
  132 PHY_mdiat_fNit
  133 PHY_mdiat_fPho
  134 PHY_mdiat_fSil
  135 PHY_mdiat_fT
  136 PHY_mdiat_fSal
  137 PHY_mdiat_gpp_c
  138 PHY_mdiat_rsp_c
  139 PHY_mdiat_exc_c
  140 PHY_mdiat_mor_c
  141 PHY_mdiat_set_c
  142 PHY_mdiat_gpp_n
  143 PHY_mdiat_rsp_n
  144 PHY_mdiat_exc_n
  145 PHY_mdiat_mor_n
  146 PHY_mdiat_set_n
  147 PHY_mdiat_gpp_p
  148 PHY_mdiat_rsp_p
  149 PHY_mdiat_exc_p
  150 PHY_mdiat_mor_p
  151 PHY_mdiat_set_p
  152 PHY_dino_NtoP
  153 PHY_dino_fI
  154 PHY_dino_fNit
  155 PHY_dino_fPho
  156 PHY_dino_fSil
  157 PHY_dino_fT
  158 PHY_dino_fSal
  159 PHY_dino_gpp_c
  160 PHY_dino_rsp_c
  161 PHY_dino_exc_c
  162 PHY_dino_mor_c
  163 PHY_dino_set_c
  164 PHY_dino_gpp_n
  165 PHY_dino_rsp_n
  166 PHY_dino_exc_n
  167 PHY_dino_mor_n
  168 PHY_dino_set_n
  169 PHY_dino_gpp_p
  170 PHY_dino_rsp_p
  171 PHY_dino_exc_p
  172 PHY_dino_mor_p
  173 PHY_dino_set_p
  174 PHY_tphy
  175 PHY_tchla
  176 PHY_in
  177 PHY_ip
  178 PHY_gpp
  179 PHY_ncp
  180 PHY_upt_no3
  181 PHY_upt_nh4
  182 PHY_upt_n2
  183 PHY_upt_po4
  184 PHY_upt_dic
  185 PHY_set
  186 PHY_par
  187 PHY_phy_swi_c
  188 PHY_phy_swi_n
  189 PHY_phy_swi_p

**************************************************************************
END OF WATER QUALITY MODEL INITIALISATION
**************************************************************************

Attempting to generate model initial conditions:
Correct number of WQ initial conditions has been provided.
WQ initial conditions (see list of constituent numbers above if using TUFLOW WQ Module):
      WQ initial condition for constituent 1 =    1.000000
      WQ initial condition for constituent 2 =    214.9000
      WQ initial condition for constituent 3 =   0.1430000
      WQ initial condition for constituent 4 =   0.7200000E-01
      WQ initial condition for constituent 5 =   0.6000000E-01
      WQ initial condition for constituent 6 =    0.000000
      WQ initial condition for constituent 7 =    116.0500
      WQ initial condition for constituent 8 =    11.61000
      WQ initial condition for constituent 9 =    6.300000
      WQ initial condition for constituent 10 =   0.6300000
      WQ initial condition for constituent 11 =   0.3500000
      WQ initial condition for constituent 12 =   0.3500000E-01
      WQ initial condition for constituent 13 =   0.5000000
      WQ initial condition for constituent 14 =    1.000000
      WQ initial condition for constituent 15 =    2.500000
      WQ initial condition for constituent 16 =   0.5000000
      WQ initial condition for constituent 17 =   0.5000000
Successfully generated model initial conditions.

Attempting to initialise model output:

Allocating output object memory:
Trying to open file: ../../includes/output/../../gis_repo/3_output/points/CSound_2013_pts_002.csv ... OK. File unit: 101
WARNING: ID column not found in csv file. Assigning a value of             NaN
WARNING: VERT_MIN column not found in csv file. Assigning a value of             NaN
WARNING: VERT_MAX column not found in csv file. Assigning a value of             NaN
 X, Y columns read from csvfile. 15 lines successfully read.
Closing file unit: 101
Trying to open file: ../../includes/output/../../gis_repo/3_output/points/CSound_2013_pts_002.csv ... OK. File unit: 101
Closing file unit: 101
LABEL column found, attempting to read point labels
Trying to open file: ../../includes/output/../../gis_repo/3_output/points/CSound_2013_pts_002.csv ... OK. File unit: 101
 LABEL columns read from csvfile. 15 lines successfully read.
Closing file unit: 101
Depth-Averaging for STIRLING                       :    0.000000     to    1.000000
Depth-Averaging for PARMELIA                       :    0.000000     to    1.000000
Depth-Averaging for PERTH_BUOY_CENTRAL             :    0.000000     to    1.000000
Depth-Averaging for PERTH_BUOY_SOUTH               :    0.000000     to    1.000000
Depth-Averaging for Northern_Basin                 :    0.000000     to    1.000000
Depth-Averaging for Spoil_Grounds                  :    0.000000     to    1.000000
Depth-Averaging for Western_Power                  :    0.000000     to    1.000000
Depth-Averaging for Westport_S01_a                 :    0.000000     to    1.000000
Depth-Averaging for Westport_S01_b                 :    0.000000     to    1.000000
Depth-Averaging for Westport_S01_c                 :    0.000000     to    1.000000
Depth-Averaging for Westport_S01_d                 :    0.000000     to    1.000000
Depth-Averaging for Westport_S02_a                 :    0.000000     to    1.000000
Depth-Averaging for Westport_S02_b                 :    0.000000     to    1.000000
Depth-Averaging for Westport_S02_c                 :    0.000000     to    1.000000
Depth-Averaging for Westport_S02_d                 :    0.000000     to    1.000000
Trying to open file: ../../includes/output/../../gis_repo/3_output/points/CSound_2013_pts_002.csv ... OK. File unit: 101
WARNING: ID column not found in csv file. Assigning a value of             NaN
WARNING: VERT_MIN column not found in csv file. Assigning a value of             NaN
WARNING: VERT_MAX column not found in csv file. Assigning a value of             NaN
 X, Y columns read from csvfile. 15 lines successfully read.
Closing file unit: 101
Trying to open file: ../../includes/output/../../gis_repo/3_output/points/CSound_2013_pts_002.csv ... OK. File unit: 101
Closing file unit: 101
LABEL column found, attempting to read point labels
Trying to open file: ../../includes/output/../../gis_repo/3_output/points/CSound_2013_pts_002.csv ... OK. File unit: 101
 LABEL columns read from csvfile. 15 lines successfully read.
Closing file unit: 101
Depth-Averaging for STIRLING                       :    0.000000     to    99999.00
Depth-Averaging for PARMELIA                       :    0.000000     to    99999.00
Depth-Averaging for PERTH_BUOY_CENTRAL             :    0.000000     to    99999.00
Depth-Averaging for PERTH_BUOY_SOUTH               :    0.000000     to    99999.00
Depth-Averaging for Northern_Basin                 :    0.000000     to    99999.00
Depth-Averaging for Spoil_Grounds                  :    0.000000     to    99999.00
Depth-Averaging for Western_Power                  :    0.000000     to    99999.00
Depth-Averaging for Westport_S01_a                 :    0.000000     to    99999.00
Depth-Averaging for Westport_S01_b                 :    0.000000     to    99999.00
Depth-Averaging for Westport_S01_c                 :    0.000000     to    99999.00
Depth-Averaging for Westport_S01_d                 :    0.000000     to    99999.00
Depth-Averaging for Westport_S02_a                 :    0.000000     to    99999.00
Depth-Averaging for Westport_S02_b                 :    0.000000     to    99999.00
Depth-Averaging for Westport_S02_c                 :    0.000000     to    99999.00
Depth-Averaging for Westport_S02_d                 :    0.000000     to    99999.00
Memory allocation OK.

Trying to open file: log/csiem_100_A_20130101_20130601_WQ_009_geo_out.csv ... OK. File unit: 101
Processing output requests:
Processing request 1 is...
OK.
Processing request 2 is...
Output point 1 is inside cell 3792.
Output point 2 is inside cell 4628.
Output point 3 is inside cell 19586.
Output point 4 is inside cell 14027.
Output point 5 is inside cell 23801.
Output point 6 is inside cell 1886.
Output point 7 is inside cell 729.
Output point 8 is inside cell 1337.
Output point 9 is inside cell 1337.
Output point 10 is inside cell 1337.
Output point 11 is inside cell 1349.
Output point 12 is inside cell 27448.
Output point 13 is inside cell 27448.
Output point 14 is inside cell 23559.
Output point 15 is inside cell 14144.
Output point 1 is inside cell 3792.
Output point 2 is inside cell 4628.
Output point 3 is inside cell 19586.
Output point 4 is inside cell 14027.
Output point 5 is inside cell 23801.
Output point 6 is inside cell 1886.
Output point 7 is inside cell 729.
Output point 8 is inside cell 1337.
Output point 9 is inside cell 1337.
Output point 10 is inside cell 1337.
Output point 11 is inside cell 1349.
Output point 12 is inside cell 27448.
Output point 13 is inside cell 27448.
Output point 14 is inside cell 23559.
Output point 15 is inside cell 14144.
Output point 1 is inside cell 3792.
Output point 2 is inside cell 4628.
Output point 3 is inside cell 19586.
Output point 4 is inside cell 14027.
Output point 5 is inside cell 23801.
Output point 6 is inside cell 1886.
Output point 7 is inside cell 729.
Output point 8 is inside cell 1337.
Output point 9 is inside cell 1337.
Output point 10 is inside cell 1337.
Output point 11 is inside cell 1349.
Output point 12 is inside cell 27448.
Output point 13 is inside cell 27448.
Output point 14 is inside cell 23559.
Output point 15 is inside cell 14144.
Output point 1 is inside cell 3792.
Output point 2 is inside cell 4628.
Output point 3 is inside cell 19586.
Output point 4 is inside cell 14027.
Output point 5 is inside cell 23801.
Output point 6 is inside cell 1886.
Output point 7 is inside cell 729.
Output point 8 is inside cell 1337.
Output point 9 is inside cell 1337.
Output point 10 is inside cell 1337.
Output point 11 is inside cell 1349.
Output point 12 is inside cell 27448.
Output point 13 is inside cell 27448.
Output point 14 is inside cell 23559.
Output point 15 is inside cell 14144.
Output point 1 is inside cell 3792.
Output point 2 is inside cell 4628.
Output point 3 is inside cell 19586.
Output point 4 is inside cell 14027.
Output point 5 is inside cell 23801.
Output point 6 is inside cell 1886.
Output point 7 is inside cell 729.
Output point 8 is inside cell 1337.
Output point 9 is inside cell 1337.
Output point 10 is inside cell 1337.
Output point 11 is inside cell 1349.
Output point 12 is inside cell 27448.
Output point 13 is inside cell 27448.
Output point 14 is inside cell 23559.
Output point 15 is inside cell 14144.
Output point 1 is inside cell 3792.
Output point 2 is inside cell 4628.
Output point 3 is inside cell 19586.
Output point 4 is inside cell 14027.
Output point 5 is inside cell 23801.
Output point 6 is inside cell 1886.
Output point 7 is inside cell 729.
Output point 8 is inside cell 1337.
Output point 9 is inside cell 1337.
Output point 10 is inside cell 1337.
Output point 11 is inside cell 1349.
Output point 12 is inside cell 27448.
Output point 13 is inside cell 27448.
Output point 14 is inside cell 23559.
Output point 15 is inside cell 14144.
Output point 1 is inside cell 3792.
Output point 2 is inside cell 4628.
Output point 3 is inside cell 19586.
Output point 4 is inside cell 14027.
Output point 5 is inside cell 23801.
Output point 6 is inside cell 1886.
Output point 7 is inside cell 729.
Output point 8 is inside cell 1337.
Output point 9 is inside cell 1337.
Output point 10 is inside cell 1337.
Output point 11 is inside cell 1349.
Output point 12 is inside cell 27448.
Output point 13 is inside cell 27448.
Output point 14 is inside cell 23559.
Output point 15 is inside cell 14144.
OK.
Processing request 3 is...
OK.
Processing request 4 is...
Output point 1 is inside cell 3792.
Output point 2 is inside cell 4628.
Output point 3 is inside cell 19586.
Output point 4 is inside cell 14027.
Output point 5 is inside cell 23801.
Output point 6 is inside cell 1886.
Output point 7 is inside cell 729.
Output point 8 is inside cell 1337.
Output point 9 is inside cell 1337.
Output point 10 is inside cell 1337.
Output point 11 is inside cell 1349.
Output point 12 is inside cell 27448.
Output point 13 is inside cell 27448.
Output point 14 is inside cell 23559.
Output point 15 is inside cell 14144.
OK.

Closing file unit: 101
Opening TPC file...
Trying to open file: ../../includes/output/../../outputs/results/plot/csiem_100_A_20130101_20130601_WQ_009.tpc ... OK. File unit: 101
Closing tpc file...
Closing file unit: 101
Opening GIS Layer: ../../includes/output/../../outputs/results/plot/./gis/csiem_100_A_20130101_20130601_WQ_009_PLOT.shp
GIS Layer assigned ID of 2

Closing GIS Layer 2 [../../includes/output/../../outputs/results/plot/./gis/csiem_100_A_20130101_20130601_WQ_009_PLOT.shp]...
Trying to open file: ../../includes/output/../../outputs/results/plot/gis/csiem_100_A_20130101_20130601_WQ_009_PLOT.csv ... OK. File unit: 101
Closing file unit: 101
Opening output files...
Trying to open file: ../../includes/output/../../outputs/results/csiem_100_A_20130101_20130601_WQ_009.nc ...OK
Trying to open file: ../../includes/output/../../outputs/results/csiem_100_A_20130101_20130601_WQ_009_POINTS.csv ... OK. File unit: 101
Trying to open file: ../../includes/output/../../outputs/results/plot/csv/csiem_100_A_20130101_20130601_WQ_009_2D_H.csv ... OK. File unit: 102
Trying to open file: ../../includes/output/../../outputs/results/plot/csv/csiem_100_A_20130101_20130601_WQ_009_2D_VX.csv ... OK. File unit: 103
Trying to open file: ../../includes/output/../../outputs/results/plot/csv/csiem_100_A_20130101_20130601_WQ_009_2D_VY.csv ... OK. File unit: 104
Trying to open file: ../../includes/output/../../outputs/results/plot/csv/csiem_100_A_20130101_20130601_WQ_009_2D_TEMP.csv ... OK. File unit: 105
Trying to open file: ../../includes/output/../../outputs/results/plot/csv/csiem_100_A_20130101_20130601_WQ_009_2D_SAL.csv ... OK. File unit: 106
Trying to open file: ../../includes/output/../../outputs/results/plot/csv/csiem_100_A_20130101_20130601_WQ_009_2D_TRACE_1.csv ... OK. File unit: 107
Trying to open file: ../../includes/output/../../outputs/results/csiem_100_A_20130101_20130601_WQ_009_WQ.nc ...OK
Trying to open file: ../../includes/output/../../outputs/results/csiem_100_A_20130101_20130601_WQ_009_PROFILES.nc ...OK

Successfully initialised model output.

Opening GIS Layer: ../../includes/domain/log/check/csiem_100_A_20130101_20130601_WQ_009_mesh_check.shp
GIS Layer assigned ID of 2

Closing GIS Layer 2 [../../includes/domain/log/check/csiem_100_A_20130101_20130601_WQ_009_mesh_check.shp]...
Opening GIS Layer: ../../includes/domain/log/check/csiem_100_A_20130101_20130601_WQ_009_bc_check.shp
GIS Layer assigned ID of 2
Opening GIS Layer: ../../includes/domain/log/check/csiem_100_A_20130101_20130601_WQ_009_bc_check.shp
GIS Layer assigned ID of 3

Closing GIS Layer 2 [../../includes/domain/log/check/csiem_100_A_20130101_20130601_WQ_009_bc_check.shp]...

Closing GIS Layer 3 [../../includes/domain/log/check/csiem_100_A_20130101_20130601_WQ_009_bc_check.shp]...
Opening GIS Layer: ../../includes/domain/log/check/csiem_100_A_20130101_20130601_WQ_009_ns_check.shp
GIS Layer assigned ID of 2

Closing GIS Layer 2 [../../includes/domain/log/check/csiem_100_A_20130101_20130601_WQ_009_ns_check.shp]...

Closing GIS Layer 1 [log/csiem_100_A_20130101_20130601_WQ_009_messages.shp]...
FVC[0]: TUFLOW FVC version 0.4.1 (Jan 30 2023 15:14:15) - single precision - win64
FVC[0]: Interrogating CUDA enabled GPUs
FVC[0]: CUDA driver version = 12010
FVC[0]: Found 1 CUDA enabled device(s)
FVC[0]: Device 0, NVIDIA GeForce RTX 3090, has compute capability = 8.6
FVC[0]: Adding device 0 to list of available CUDA devices
FVC[0]: Hardware option = GPU
FVC[0]: Requested device 0 found in available device list
FVC[0]: incl_mslp = -1
FVC[0]: vert_mesh_typ = 1
FVC[0]: limiter3 = 2
FVC[0]: nSed = 0
FVC[0]: jSed1 = 0
FVC[0]: nTrace = 1
FVC[0]: jTrace1 = 6
FVC[0]: bot_drag_model = 2
FVC[0]: g = 9.810000
FVC[0]: rho0 = 1030.000000
FVC[0]: sal0 = 35.000000
FVC[0]: temp0 = 20.000000
FVC[0]: hDry = 0.005000
FVC[0]: hWet = 0.100000
FVC[0]: h3d = 1.000000
FVC[0]: theta_bar = 0.100000
FVC[0]: theta_M = 1.000000
FVC[0]: theta_S = 0.500000
FVC[0]: kappa = 0.410000
FVC[0]: fcor_ = 0.000000
FVC[0]: mslpa = 101325.000000
FVC[0]: dZmin = 0.500000
FVC[0]: alphaR12 = 1.000000
FVC[0]: alphaR22 = 1.000000
FVC[0]: alphaR32 = 1.000000
FVC[0]: alphaR23 = 1.000000
FVC[0]: alphaR33 = 1.000000
FVC[0]: sedMin = 0.000000
FVC[0]: sedMax = 100000.000000
FVC[0]: hTransp = 0.100000
FVC[0]: prandtl_0 = 0.740000
FVC[0]: vert_mix_par_c1 = 0.000000
FVC[0]: vert_mix_par_c2 = 0.000000
FVC[0]: nuw = 0.000001
FVC[0]: wave_par_hmin = 0.010000
FVC[0]: autoweir_hmin = 0.050000
FVC[0]: autoweir_Cw = 1.705000
FVC[0]: autoweir_Ex = 1.500000
FVC[0]: autoweir_a = 8.550000
FVC[0]: autoweir_b = 0.556000
FVC[0]: autoweir_Csfmin = 0.700000
FVC[0]: alpha_bar = 1.000000
FVC[0]: Device 0 total GPU memory = 24258 Mb, free memory = 23983 Mb
FVC[0]: Loading module FVC_kernels.ptx
FVC[0]: Full module path: /usr/local/bin/tuflowfv-2023.0/FVC_kernels.ptx
Running simulation
Number of OpenMP threads=1
Thread stacksize=4194304

Entering timestep loop
t = 02/01/2013 00:00:00.  dt =   0.000 /  0.000 s.  elapsed time =       0.0 s.
    Writing NETCDF output. t = 02/01/2013 00:00:00.
    Writing point timeseries output. t = 02/01/2013 00:00:00.
    Writing NETCDF output. t = 02/01/2013 00:00:00.
    Writing profile timeseries output. t = 02/01/2013 00:00:00.
t = 02/01/2013 00:15:10.  dt =   9.887 /  0.341 s.  elapsed time =       3.9 s.
    Calling AED. t = 02/01/2013 00:15:10.
    Returning from AED.
    Writing point timeseries output. t = 02/01/2013 00:15:00.
    Writing profile timeseries output. t = 02/01/2013 00:15:00.
t = 02/01/2013 00:30:02.  dt =   9.658 /  0.345 s.  elapsed time =      11.4 s.
    Calling AED. t = 02/01/2013 00:30:02.
    Returning from AED.
    Writing NETCDF output. t = 02/01/2013 00:30:00.
    Writing point timeseries output. t = 02/01/2013 00:30:00.
    Writing profile timeseries output. t = 02/01/2013 00:30:00.
t = 02/01/2013 00:45:02.  dt =   3.446 /  0.345 s.  elapsed time =      20.5 s.
    Calling AED. t = 02/01/2013 00:45:02.
    Returning from AED.
    Writing point timeseries output. t = 02/01/2013 00:45:00.
    Writing profile timeseries output. t = 02/01/2013 00:45:00.
