
***************************** TUFLOWFV *****************************

Build version: 2023.0.0
Build date: 30/01/2023 09:10
Git branch: main
Git hash: ab93bfc
Build platform: Linux
Build architecture:  x86-64
Compiler version: Ifort 2021.3.0
Build precision: single
NVidia GPU enabled: Cuda v10.2.89
GIS Module Version: 2020-07-PD

********************************************************************

Computer name: rosella
User name: hydro
Execution timestamp: 02/05/2023 11:51:40


Initialising TUFLOW Licence Settings...

No TUFLOW licence Settings files found.  Default settings applied.
WIBU Retry Time == 60  ! Seconds.  Values less than 1 are set to 1.  Default = 60.
WIBU Retry Count == 0  ! Number of times to retry for a licence at start of simulation.  Use -1 for indefinitely.  Default = 0.
WIBU Dongles Only == OFF  ! If set to ON, searches for WIBU dongles only.  Default is OFF.

Attempting to process input control file:
Trying to open file: CSound_000_A14_20130101_20131231_HD_016.fvc ... OK. File unit: 101
TIME FORMAT == ISO DATE & TIME
Trying to open file: ../../includes/domain/domain_config_csiem_mesh_A.fvc ... OK. File unit: 102
Closing file unit: 102
Trying to open file: ../../includes/sed/roughness_hd.fvc ... OK. File unit: 102
Closing file unit: 102
Trying to open file: ../../includes/bc/1_ocean/obc_20130101_20131231.fvc ... OK. File unit: 102
Closing file unit: 102
Trying to open file: ../../includes/bc/2_weather/met_BARRA_regional_20130101_20131231.fvc ... OK. File unit: 102
Closing file unit: 102
Trying to open file: ../../includes/bc/3_waves/wave_SWAN_20130101_20131231.fvc ... OK. File unit: 102
Closing file unit: 102
Trying to open file: ../../includes/bc/4_sce/Swan_river_20120315_20140331_wq_v2.fvc ... OK. File unit: 102
Closing file unit: 102
Trying to open file: ../../includes/bc/7_discharges/Discharge_and_Intake_20130101_20140101.fvc ... OK. File unit: 102
Closing file unit: 102
Trying to open file: ../../includes/domain/initial_conditions_hd.fvc ... OK. File unit: 102
Closing file unit: 102
Trying to open file: ../../includes/output/output_hd.fvc ... OK. File unit: 102
Closing file unit: 102
Start echoing input file:
HARDWARE TARGET == GPU
GIS FORMAT == SHP
SHP PROJECTION == ../../gis_repo/1_domain/projection/projection.prj
SPHERICAL == .TRUE.
INCLUDE SALINITY == .TRUE.
COUPLE SALINITY DENSITY == .TRUE.
INCLUDE TEMPERATURE == .TRUE.
COUPLE TEMPERATURE DENSITY == .TRUE.
INCLUDE SEDIMENT == .FALSE.
NTRACER == 1
INCLUDE HEAT == .TRUE.
MOMENTUM MIXING MODEL == SMAGORINSKY
SCALAR MIXING MODEL == SMAGORINSKY
VERTICAL MIXING MODEL == EXTERNAL
EXTERNAL TURBULENCE MODEL DIR == ../../includes/turbulence/GOTM
BOTTOM DRAG MODEL == KS
SPATIAL ORDER == 2, 2
HORIZONTALGRADIENTLIMITER == LCD
CFL EXTERNAL ==   0.7000000
CFL INTERNAL ==   0.7000000
START TIME == 02/01/2013 00:00:00
END TIME == 31/12/2013 00:00:00
TIMESTEP LIMITS ==   0.1000000    ,    10.00000
TURBULENCE UPDATE DT ==    300.0000
DISPLAY DT ==    900.0000
STABILITY LIMITS ==    17.00000    ,    10.00000
CELL DRY/WET DEPTHS ==   0.5000000E-02,   0.1000000
CELL 3D DEPTH ==    1.000000
G ==    9.810000
GLOBAL BOTTOM ROUGHNESS ==   0.5000000E-01
REFERENCE SALINITY ==    35.00000
REFERENCE TEMPERATURE ==    20.00000
REFERENCE DENSITY ==    1030.000
KINEMATIC VISCOSITY ==   0.1000000E-05
GLOBAL HORIZONTAL EDDY VISCOSITY (SMAG COEFF) ==   0.5000000
GLOBAL HORIZONTAL EDDY VISCOSITY LIMITS ==    1.000000    ,    9999.000
GLOBAL HORIZONTAL SCALAR DIFFUSIVITY (SMAG COEFF) ==   0.2000000
GLOBAL HORIZONTAL SCALAR DIFFUSIVITY LIMITS ==    1.000000    ,    9999.000
GLOBAL VERTICAL EDDY VISCOSITY LIMITS ==   0.1000000E-03,    1.000000
GLOBAL VERTICAL SCALAR DIFFUSIVITY LIMITS ==    0.000000,    1.000000
ECHO GEOMETRY == .TRUE.
Trying to open file: ../../includes/domain/domain_config_csiem_mesh_A.fvc ... OK. File unit: 102
GEOMETRY2D == ../../includes/domain/../../gis_repo/1_domain/mesh/Cockburn_Sound_Mesh_008.2dm
READ GIS NODESTRING == ../../includes/domain/../../gis_repo/1_domain/nodestrings/2d_ns_Cockburn_Sound_005_L.shp
VERTICAL MESH TYPE == Z
LAYER FACE FILE == ../../includes/domain/../../gis_repo/1_domain/layers/SEP_zlayer_0p25_002.csv
SURFACE SIGMA LAYERS == 4
MINIMUM LAYER THICKNESS ==   0.5000000
WRITE CHECK FILES == ../../includes/domain/../../model_runs/HD/log/check/
Closing file unit: 102
READ GIS MAT == ../../gis_repo/2_benthic/materials/Cockburn_Sound_Material_005.shp
Trying to open file: ../../includes/sed/roughness_hd.fvc ... OK. File unit: 102
MATERIAL == 1,3
  BOTTOM ROUGHNESS ==   0.2000000E-01
  SPATIAL RECONSTRUCTION == .FALSE.
END MATERIAL
MATERIAL == 2
  BOTTOM ROUGHNESS ==   0.2000000E-02
  SPATIAL RECONSTRUCTION == .TRUE.
END MATERIAL
MATERIAL == 4
  BOTTOM ROUGHNESS ==   0.2000000E-01
  SPATIAL RECONSTRUCTION == .TRUE.
END MATERIAL
Closing file unit: 102
Trying to open file: ../../includes/bc/1_ocean/obc_20130101_20131231.fvc ... OK. File unit: 102
GRID DEFINITION FILE == ../../includes/bc/1_ocean/../../../bc_repo/1_ocean/ROMS/ROMS_UTC+8_20130101_20140101_FILLED.nc
GRID DEFINITION VARIABLES ==  LON, LAT, DEPTH
  GRID VERTICAL COORDINATE TYPE == DEPTH
GRID DEFINITION LABEL == ROMS
BOUNDARY GRIDMAP == .TRUE.
END GRID
BC == OBC_GRID, ROMS, ../../includes/bc/1_ocean/../../../bc_repo/1_ocean/ROMS/ROMS_UTC+8_20130101_20140101_FILLED.nc
  SUB-TYPE == 6
  BC HEADER ==  time, surf_el, water_u, water_v, salinity, water_temp
  BC NODESTRINGS == 1
  UPDATE DT ==    900.0000
  BC TIME UNITS == HOURS
BC REFERENCE TIME == 01/01/1990 00:00:00
  BC OFFSET ==  -0.4200000,   0.000000,   0.000000,   0.000000
END BC
Closing file unit: 102
Trying to open file: ../../includes/bc/2_weather/met_BARRA_regional_20130101_20131231.fvc ... OK. File unit: 102
GRID DEFINITION FILE == ../../includes/bc/2_weather/../../../bc_repo/2_weather/BARRA/BARRA_R_20130101_20140101.nc
GRID DEFINITION VARIABLES ==  LONGITUDE, LATITUDE
GRID DEFINITION LABEL == BARRA
END GRID
BC == MSLP_GRID, BARRA, ../../includes/bc/2_weather/../../../bc_repo/2_weather/BARRA/BARRA_R_20130101_20140101.nc
  BC HEADER ==  local_time, mslp
  UPDATE DT ==    3600.000
  BC TIME UNITS == HOURS
BC REFERENCE TIME == 01/01/1990 00:00:00
  BC DEFAULT ==             NaN
  BC SCALE ==   0.1000000E-01
END BC
BC == LW_RAD_GRID, BARRA, ../../includes/bc/2_weather/../../../bc_repo/2_weather/BARRA/BARRA_R_20130101_20140101.nc
  BC HEADER ==  local_time, lwsfcdown
  UPDATE DT ==    3600.000
  BC TIME UNITS == HOURS
BC REFERENCE TIME == 01/01/1990 00:00:00
  BC DEFAULT ==             NaN
END BC
BC == SW_RAD_GRID, BARRA, ../../includes/bc/2_weather/../../../bc_repo/2_weather/BARRA/BARRA_R_20130101_20140101.nc
  BC HEADER ==  local_time, swsfcdown
  UPDATE DT ==    3600.000
  BC TIME UNITS == HOURS
BC REFERENCE TIME == 01/01/1990 00:00:00
  BC DEFAULT ==             NaN
END BC
BC == AIR_TEMP_GRID, BARRA, ../../includes/bc/2_weather/../../../bc_repo/2_weather/BARRA/BARRA_R_20130101_20140101.nc
  BC HEADER ==  local_time, temp_scrn
  UPDATE DT ==    3600.000
  BC TIME UNITS == HOURS
BC REFERENCE TIME == 01/01/1990 00:00:00
  BC DEFAULT ==             NaN
  BC OFFSET ==   -273.1500
END BC
BC == W10_GRID, BARRA, ../../includes/bc/2_weather/../../../bc_repo/2_weather/BARRA/BARRA_R_20130101_20140101.nc
  BC HEADER ==  local_time, uwnd10m, vwnd10m
  UPDATE DT ==    3600.000
  BC TIME UNITS == HOURS
BC REFERENCE TIME == 01/01/1990 00:00:00
  BC DEFAULT ==             NaN
END BC
BC == PRECIP_GRID, BARRA, ../../includes/bc/2_weather/../../../bc_repo/2_weather/BARRA/BARRA_R_20130101_20140101.nc
  BC HEADER ==  local_time, precip_rate
  UPDATE DT ==    3600.000
  BC TIME UNITS == HOURS
BC REFERENCE TIME == 01/01/1990 00:00:00
  BC DEFAULT ==             NaN
  BC SCALE ==   0.2400000E-01
END BC
BC == REL_HUM_GRID, BARRA, ../../includes/bc/2_weather/../../../bc_repo/2_weather/BARRA/BARRA_R_20130101_20140101.nc
  BC HEADER ==  local_time, relhum
  UPDATE DT ==    3600.000
  BC TIME UNITS == HOURS
BC REFERENCE TIME == 01/01/1990 00:00:00
  BC DEFAULT ==             NaN
END BC
Closing file unit: 102
Trying to open file: ../../includes/bc/3_waves/wave_SWAN_20130101_20131231.fvc ... OK. File unit: 102
GRID DEFINITION FILE == ../../includes/bc/3_waves/../../../bc_repo/3_waves/SWAN/SWAN_B_2013.nc
GRID DEFINITION VARIABLES ==  XP, YP
GRID DEFINITION LABEL == WAVE_GRID_NEST
END GRID
BC == WAVE, WAVE_GRID_NEST, ../../includes/bc/3_waves/../../../bc_repo/3_waves/SWAN/SWAN_B_2013.nc
  BC HEADER ==  time, Hsig, TPsmoo, Dir, Ubot, TmBot, WForce_x, WForce_y, Depth
  BC SCALE ==    1.000000,   1.000000,   1.000000,   1.000000,   1.000000,   1.000000,   1.000000
  UPDATE DT ==    600.0000
BC REFERENCE TIME == 01/01/1990 00:00:00
  BC TIME UNITS == HOURS
END BC
Closing file unit: 102
Trying to open file: ../../includes/bc/4_sce/Swan_river_20120315_20140331_wq_v2.fvc ... OK. File unit: 102
BC == OBC_CURT, 2, ../../includes/bc/4_sce/../../../bc_repo/4_sce/SCERM/NAR_Tide_20120315_20140331.nc
  SUB-TYPE == 6
  BC HEADER ==  time, chainage, depth, dummy, dummy, dummy, SAL, TEMP
  UPDATE DT ==    900.0000
  BC TIME UNITS == HOURS
BC REFERENCE TIME == 01/01/1990 00:00:00
  BC OFFSET ==    0.000000,   0.000000,   0.000000,   0.000000,   0.000000
  BC DEFAULT ==    0.000000,   0.000000,   0.000000,   0.000000,   0.000000,   0.000000,   0.000000,   0.000000,   0.000000,   0.000000,   0.000000,   0.000000,   0.000000,   0.000000,   0.000000,   0.000000,   0.000
  VERTICAL COORDINATE TYPE == DEPTH
END BC
BC == OBC_CURT, 3, ../../includes/bc/4_sce/../../../bc_repo/4_sce/SCERM/CAN_Tide_20120315_20140331.nc
  SUB-TYPE == 6
  BC HEADER ==  time, chainage, depth, dummy, dummy, dummy, SAL, TEMP
  UPDATE DT ==    900.0000
  BC TIME UNITS == HOURS
BC REFERENCE TIME == 01/01/1990 00:00:00
  BC OFFSET ==    0.000000,   0.000000,   0.000000,   0.000000,   0.000000
  BC DEFAULT ==    0.000000,   0.000000,   0.000000,   0.000000,   0.000000,   0.000000,   0.000000,   0.000000,   0.000000,   0.000000,   0.000000,   0.000000,   0.000000,   0.000000,   0.000000,   0.000000,   0.000
  VERTICAL COORDINATE TYPE == DEPTH
END BC
BC == WL, 2, ../../includes/bc/4_sce/../../../bc_repo/4_sce/CSV/NAR_Inflow_v2.csv
  SUB-TYPE == 1
  BC HEADER ==  ISOTime, wl, dummy, dummy, zeroes, TSS, Oxy, Amm, Nit, FRP, zeroes, DOC_T, POC_T, DON_T, PON_T, OP, OP, CHLA, CHLA, CHLA, CHLA, CHLA
  BC SCALE ==    1.000000,   1.000000,   1.000000,   1.000000,  0.7000000,   1.500000,   1.000000,   1.000000,  0.1000000,  0.1000000,  0.5000000,  0.3000000,   1.000000,  0.3000000,  0.5000000,  0.9000000,  0.1250
END BC
BC == WL, 3, ../../includes/bc/4_sce/../../../bc_repo/4_sce/CSV/Canning_Inflow_Tide_v1.csv
  SUB-TYPE == 1
  BC HEADER ==  ISOTime, wl, dummy, dummy, zeroes, TSS, Oxy, Amm, Nit, FRP, zeroes, DOC_T, POC_T, DON_T, PON_T, OP, OP, CHLA, CHLA, CHLA, CHLA, CHLA
  BC SCALE ==    1.000000,   1.000000,   1.000000,   1.000000,  0.7000000,   1.500000,   1.000000,   1.000000,  0.1000000,  0.1000000,  0.5000000,  0.3000000,   1.000000,  0.3000000,  0.5000000,  0.9000000,  0.1250
END BC
Closing file unit: 102
Trying to open file: ../../includes/bc/7_discharges/Discharge_and_Intake_20130101_20140101.fvc ... OK. File unit: 102
BC == QC,    115.7681    ,   -32.20014    , ../../includes/bc/7_discharges/../../../bc_repo/7_discharges/PSDP/PSDP1_20130101_20140101_wq.csv
  BC HEADER ==  Date, Q, Salt, Temp, Zeroes, Ones, DO, Ones, Ones, Ones, Ones, Ones, Ones, Ones, Ones, Ones, Ones, Ones, Ones, Ones, Ones, Ones
  BC SCALE ==    1.000000,   1.000000,   1.000000,   1.000000,  0.1000000E-01,   1.000000,  0.1000000E-01,  0.1000000E-01,  0.1000000E-01,  0.1000000E-01,  0.1000000E-01,  0.1000000E-01,  0.1000000E-01,  0.1000000E
  BC DEFAULT ==    0.000000,   0.000000,   0.000000,   0.000000,   0.000000,   0.000000,   0.000000,   0.000000,   0.000000,   0.000000,   0.000000,   0.000000,   0.000000,   0.000000,   0.000000,   0.000000,   0.000
  VERTICAL COORDINATE TYPE == DEPTH
  VERTICAL DISTRIBUTION FILE == ../../includes/bc/7_discharges/../../../bc_repo/7_discharges/DischargeDepth_001.csv
END BC
BC == QC,    115.7562    ,   -32.23261    , ../../includes/bc/7_discharges/../../../bc_repo/7_discharges/TiWest/TiWest_20130101_20140101_wq.csv
  BC HEADER ==  Date, Q, Salt, Temp, Zeroes, Ones, DO, Ones, Ones, Ones, Ones, Ones, Ones, Ones, Ones, Ones, Ones, Ones, Ones, Ones, Ones, Ones
  BC SCALE ==    1.000000,   1.000000,   1.000000,   1.000000,  0.1000000E-01,   1.000000,  0.1000000E-01,  0.1000000E-01,  0.1000000E-01,  0.1000000E-01,  0.1000000E-01,  0.1000000E-01,  0.1000000E-01,  0.1000000E
  BC DEFAULT ==    0.000000,   0.000000,   0.000000,   0.000000,   0.000000,   0.000000,   0.000000,   0.000000,   0.000000,   0.000000,   0.000000,   0.000000,   0.000000,   0.000000,   0.000000,   0.000000,   0.000
  VERTICAL COORDINATE TYPE == DEPTH
  VERTICAL DISTRIBUTION FILE == ../../includes/bc/7_discharges/../../../bc_repo/7_discharges/DischargeDepth_001.csv
END BC
BC == QC,    115.7602    ,   -32.21765    , ../../includes/bc/7_discharges/../../../bc_repo/7_discharges/BP/BP_20130101_20140101_wq.csv
  BC HEADER ==  Date, Q, Salt, Temp, Zeroes, Ones, DO, Ones, Ones, Ones, Ones, Ones, Ones, Ones, Ones, Ones, Ones, Ones, Ones, Ones, Ones, Ones
  BC SCALE ==    1.000000,   1.000000,   1.000000,   1.000000,  0.1000000E-01,   1.000000,  0.1000000E-01,  0.1000000E-01,  0.1000000E-01,  0.1000000E-01,  0.1000000E-01,  0.1000000E-01,  0.1000000E-01,  0.1000000E
  BC DEFAULT ==    0.000000,   0.000000,   0.000000,   0.000000,   0.000000,   0.000000,   0.000000,   0.000000,   0.000000,   0.000000,   0.000000,   0.000000,   0.000000,   0.000000,   0.000000,   0.000000,   0.000
  VERTICAL COORDINATE TYPE == DEPTH
  VERTICAL DISTRIBUTION FILE == ../../includes/bc/7_discharges/../../../bc_repo/7_discharges/DischargeDepth_001.csv
END BC
BC == QC,    115.7725    ,   -32.19766    , ../../includes/bc/7_discharges/../../../bc_repo/7_discharges/KPS/KPS_A_B_20130101_20140101_wq.csv
  BC HEADER ==  Date, Q, Salt, Temp, Zeroes, Ones, DO, Ones, Ones, Ones, Ones, Ones, Ones, Ones, Ones, Ones, Ones, Ones, Ones, Ones, Ones, Ones
  BC SCALE ==    1.000000,   1.000000,   1.000000,   1.000000,  0.1000000E-01,   1.000000,  0.1000000E-01,  0.1000000E-01,  0.1000000E-01,  0.1000000E-01,  0.1000000E-01,  0.1000000E-01,  0.1000000E-01,  0.1000000E
  BC DEFAULT ==    0.000000,   0.000000,   0.000000,   0.000000,   0.000000,   0.000000,   0.000000,   0.000000,   0.000000,   0.000000,   0.000000,   0.000000,   0.000000,   0.000000,   0.000000,   0.000000,   0.000
  VERTICAL COORDINATE TYPE == DEPTH
  VERTICAL DISTRIBUTION FILE == ../../includes/bc/7_discharges/../../../bc_repo/7_discharges/DischargeDepth_001.csv
END BC
BC == QC,    115.7722    ,   -32.19820    , ../../includes/bc/7_discharges/../../../bc_repo/7_discharges/KPS/KPS_C_CPS_20130101_20140101_wq.csv
  BC HEADER ==  Date, Q, Salt, Temp, Zeroes, Ones, DO, Ones, Ones, Ones, Ones, Ones, Ones, Ones, Ones, Ones, Ones, Ones, Ones, Ones, Ones, Ones
  BC SCALE ==    1.000000,   1.000000,   1.000000,   1.000000,  0.1000000E-01,   1.000000,  0.1000000E-01,  0.1000000E-01,  0.1000000E-01,  0.1000000E-01,  0.1000000E-01,  0.1000000E-01,  0.1000000E-01,  0.1000000E
  BC DEFAULT ==    0.000000,   0.000000,   0.000000,   0.000000,   0.000000,   0.000000,   0.000000,   0.000000,   0.000000,   0.000000,   0.000000,   0.000000,   0.000000,   0.000000,   0.000000,   0.000000,   0.000
  VERTICAL COORDINATE TYPE == DEPTH
  VERTICAL DISTRIBUTION FILE == ../../includes/bc/7_discharges/../../../bc_repo/7_discharges/DischargeDepth_001.csv
END BC
BC == QC,    115.6563    ,   -32.28971    , ../../includes/bc/7_discharges/../../../bc_repo/7_discharges/SDOOL/SDOOL_20130101_20140101_wq.csv
  BC HEADER ==  Date, Q, Salt, Temp, Zeroes, Ones, DO, Ones, Ones, Ones, Ones, Ones, Ones, Ones, Ones, Ones, Ones, Ones, Ones, Ones, Ones, Ones
  BC SCALE ==    1.000000,   1.000000,   1.000000,   1.000000,   26.40000,   1.000000,  0.7100000,  0.1000000E-01,  0.1000000,  0.1000000E-01,  0.1000000E-01,  0.1000000E-01,  0.7000000,  0.1000000E-01,  0.9000000E
  BC DEFAULT ==    0.000000,   0.000000,   0.000000,   0.000000,   0.000000,   0.000000,   0.000000,   0.000000,   0.000000,   0.000000,   0.000000,   0.000000,   0.000000,   0.000000,   0.000000,   0.000000,   0.000
  VERTICAL COORDINATE TYPE == DEPTH
  VERTICAL DISTRIBUTION FILE == ../../includes/bc/7_discharges/../../../bc_repo/7_discharges/DischargeDepth_001.csv
END BC
BC == QC,    115.7705    ,   -32.20083    , ../../includes/bc/7_discharges/../../../bc_repo/8_intakes/PSDP/PSDP1_20130101_20140101_wq.csv
  BC HEADER ==  Date, Q
  BC SCALE ==   -1.636000
  VERTICAL COORDINATE TYPE == HEIGHT
  VERTICAL DISTRIBUTION FILE == ../../includes/bc/7_discharges/../../../bc_repo/8_intakes/IntakeExtractionHeight_001.csv
END BC
BC == QC,    115.7551    ,   -32.22749    , ../../includes/bc/7_discharges/../../../bc_repo/8_intakes/BP/CSound_Apr2013_PRP_BP_Intake.csv
  BC HEADER ==  DATE, Q
  BC SCALE ==   -1.000000
  VERTICAL COORDINATE TYPE == HEIGHT
  VERTICAL DISTRIBUTION FILE == ../../includes/bc/7_discharges/../../../bc_repo/8_intakes/IntakeExtractionHeight_001.csv
END BC
BC == QC,    115.7708    ,   -32.19863    , ../../includes/bc/7_discharges/../../../bc_repo/8_intakes/Verve/CSound_Apr2013_PRP_VerveSouth_Intake.csv
  BC HEADER ==  DATE, Q
  BC SCALE ==   -1.000000
  VERTICAL COORDINATE TYPE == HEIGHT
  VERTICAL DISTRIBUTION FILE == ../../includes/bc/7_discharges/../../../bc_repo/8_intakes/IntakeExtractionHeight_001.csv
END BC
BC == QC,    115.7718    ,   -32.19619    , ../../includes/bc/7_discharges/../../../bc_repo/8_intakes/Verve/CSound_Apr2013_PRP_VerveNorth_Intake.csv
  BC HEADER ==  DATE, Q
  BC SCALE ==   -1.000000
  VERTICAL COORDINATE TYPE == HEIGHT
  VERTICAL DISTRIBUTION FILE == ../../includes/bc/7_discharges/../../../bc_repo/8_intakes/IntakeExtractionHeight_001.csv
END BC
Closing file unit: 102
Trying to open file: ../../includes/domain/initial_conditions_hd.fvc ... OK. File unit: 102
INITIAL CONDITION == OGCM
INITIAL WATER LEVEL ==   0.5000000
INITIAL CONDITION == QUIESCENT
Closing file unit: 102
Trying to open file: ../../includes/output/output_hd.fvc ... OK. File unit: 102
OUTPUT DIR == ../../includes/output/../../outputs/results
OUTPUT == NETCDF
  OUTPUT PARAMETERS ==  H, V, SAL, TEMP, TRACE_1,
  OUTPUT INTERVAL ==    1800.000
END OUTPUT
OUTPUT == POINTS
  OUTPUT POINTS FILE == ../../includes/output/../../gis_repo/3_output/points/CSound_2013_pts_002.csv
  VERTICAL AVERAGING == SIGMA-RANGE   0.000000     to    1.000000
  OUTPUT PARAMETERS ==  H, V, TEMP, SAL, TRACE_1,
  OUTPUT INTERVAL ==    900.0000
END OUTPUT
OUTPUT == PROFILES
  OUTPUT POINTS FILE == ../../includes/output/../../gis_repo/3_output/points/CSound_2013_pts_002.csv
  OUTPUT PARAMETERS ==  H, V, TEMP, SAL, TRACE_1,
  OUTPUT INTERVAL ==    900.0000
END OUTPUT
Closing file unit: 102
WRITE RESTART DT ==    24.00000
Closing file unit: 101
Finished echoing input file.

Successfully processed input control files.

Initialising TUFLOW FV engine license:

Searching for a BMT WIBU Hardware Licence...

TUFLOW FV Engine            Dongle 3793274  Expiry 2024/03/27  LAN   1 of   10 (9 remaining)
Successfully found WIBU TUFLOW FV engine licence

Initialising TUFLOW FV simulation threads:
TUFLOW FV Threads (1)       Dongle 3793274  Expiry 2024/03/27  LAN   1 of   40 (39 remaining)
Successfully initialised 1 threads.

Initialising requested TUFLOW FV module license/s:
TUFLOW FV 3D Module         Dongle 3793274  Expiry 2024/03/27  LAN   1 of   10 (9 remaining)
TUFLOW FV AD Module         Dongle 3793274  Expiry 2024/03/27  LAN   1 of   10 (9 remaining)
TUFLOW FV GPU Cards (1)     Dongle 3793274  Expiry 2024/03/27  LAN   1 of   10 (9 remaining)
Successful.

GIS Projection being extracted from ../../gis_repo/1_domain/projection/projection.prj
Trying to open file: ../../gis_repo/1_domain/projection/projection.prj ... OK. File unit: 101
Closing file unit: 101
Opening GIS Layer: log/CSound_000_A14_20130101_20131231_HD_016_messages.shp
GIS Layer assigned ID of 1
Attempting to build model domain object/s:

Processing mesh geometry file/s:
Opening GIS Layer: ../../includes/domain/../../gis_repo/1_domain/nodestrings/2d_ns_Cockburn_Sound_005_L.shp
GIS Layer assigned ID of 2
2 DBF Fields (Name [#/Type/Length]): ID [1/N/8]  Flags [2/C/3]  

Closing GIS Layer 2 [../../includes/domain/../../gis_repo/1_domain/nodestrings/2d_ns_Cockburn_Sound_005_L.shp]...
Reading 2dm mesh file...
Trying to open file: ../../includes/domain/../../gis_repo/1_domain/mesh/Cockburn_Sound_Mesh_008.2dm ... OK. File unit: 101
Closing file unit: 101
Finished reading 2dm mesh file.

Checking spherical coordinates...
Finished checking spherical coordinates.
Processing mesh face connections...
Finished processing mesh face connections.

Processing external nodestrings...
External Nodestring GIS File = ../../includes/domain/../../gis_repo/1_domain/nodestrings/2d_ns_Cockburn_Sound_005_L.shp.Opening GIS Layer: ../../includes/domain/../../gis_repo/1_domain/nodestrings/2d_ns_Cockburn_Sound_005_L.shp
GIS Layer assigned ID of 2
2 DBF Fields (Name [#/Type/Length]): ID [1/N/8]  Flags [2/C/3]  

Closing GIS Layer 2 [../../includes/domain/../../gis_repo/1_domain/nodestrings/2d_ns_Cockburn_Sound_005_L.shp]...
Vertices in nodestring, 75.
External nodestring 1 (ID = 1) is OK.

Vertices in nodestring, 2.
External nodestring 2 (ID = 2) is OK.

Vertices in nodestring, 3.
External nodestring 3 (ID = 3) is OK.

Finished processing external nodestrings.

2dm and externally specified nodestring numbering is OK.

Checking nodestring overlaps...
Nodestring overlap checked.
Opening GIS Layer: ../../gis_repo/2_benthic/materials/Cockburn_Sound_Material_005.shp
GIS Layer assigned ID of 2
2 DBF Fields (Name [#/Type/Length]): Material [1/N/10]  Name [2/C/10]  

Closing GIS Layer 2 [../../gis_repo/2_benthic/materials/Cockburn_Sound_Material_005.shp]...
Trying to open file: log/CSound_000_A14_20130101_20131231_HD_016_geo.csv ... OK. File unit: 101
Trying to open file: log/CSound_000_A14_20130101_20131231_HD_016_geo_cellupdates.csv ... OK. File unit: 102
Trying to open file: log/CSound_000_A14_20130101_20131231_HD_016_geo_nodestring.csv ... OK. File unit: 103

Reading 3D layer specification file...
Trying to open file: ../../includes/domain/../../gis_repo/1_domain/layers/SEP_zlayer_0p25_002.csv ... OK. File unit: 104
Closing file unit: 104
Trying to open file: ../../includes/domain/../../gis_repo/1_domain/layers/SEP_zlayer_0p25_002.csv ... OK. File unit: 104
 Z columns read from csvfile. 36 lines successfully read.
Closing file unit: 104
Finished reading 3D layer specification file.

Closing file unit: 101
Closing file unit: 102
Closing file unit: 103

Found 27459 nodes.
Found 30211 2D cells.
Found 3 nodestrings.
Mesh geometry file/s succesfully processed.

Constructing domain, comprising:
 30211 2D cells.
 503869 3D cells.
 977507 3D faces.
Constructing node object...OK
Constructing cell object...OK
Constructing face object...OK
Constructing gridmap object/s...
  Extracting grid definition from ../../includes/bc/1_ocean/../../../bc_repo/1_ocean/ROMS/ROMS_UTC+8_20130101_20140101_FILLED.nc
Trying to open file: ../../includes/bc/1_ocean/../../../bc_repo/1_ocean/ROMS/ROMS_UTC+8_20130101_20140101_FILLED.nc ...OK
Closing file: ../../includes/bc/1_ocean/../../../bc_repo/1_ocean/ROMS/ROMS_UTC+8_20130101_20140101_FILLED.nc
    Constructing grid to mesh-cells map
WARNING: 29540 model cells (  97.78 %) are within grid coverage.
    Constructing grid to mesh-nodestring-1 map
    Constructing grid to mesh-nodestring-2 map
    Constructing grid to mesh-nodestring-3 map
  Extracting grid definition from ../../includes/bc/2_weather/../../../bc_repo/2_weather/BARRA/BARRA_R_20130101_20140101.nc
Trying to open file: ../../includes/bc/2_weather/../../../bc_repo/2_weather/BARRA/BARRA_R_20130101_20140101.nc ...OK
Closing file: ../../includes/bc/2_weather/../../../bc_repo/2_weather/BARRA/BARRA_R_20130101_20140101.nc
    Constructing grid to mesh-cells map
  Extracting grid definition from ../../includes/bc/3_waves/../../../bc_repo/3_waves/SWAN/SWAN_B_2013.nc
Trying to open file: ../../includes/bc/3_waves/../../../bc_repo/3_waves/SWAN/SWAN_B_2013.nc ...OK
Closing file: ../../includes/bc/3_waves/../../../bc_repo/3_waves/SWAN/SWAN_B_2013.nc
    Constructing grid to mesh-cells map
WARNING: 22060 model cells (  73.02 %) are within grid coverage.
OK
Constructing external mode objects...OK
Echoing geometry data:
Trying to open file: log/CSound_000_A14_20130101_20131231_HD_016_geo.nc ...OK.
Closing file: log/CSound_000_A14_20130101_20131231_HD_016_geo.nc

Successfully built model domain object/s.

Attempting to initialise atmospheric module:
Successfully initialised atmospheric module.

Attempting to initialise external turbulence model:
Initialising "GOTM" external turbulence module:
Succesfully initialised external turbulence model.

Attempting to initialise model structural configurations:
Constructing struct object...
Finished constructing struct object
Successfully initialised model structural configurations.

Attempting to initialise model boundary conditions:
Constructing fvbc object...

BC 1, Type=OBC_GRID, ID=ROMS
Update dt=   900.0000    s
BC Nodestring id = 1
BC grid label = ROMS
BC grid id = 1
BC reference time = 01/01/1990 00:00:00
BC time units = HOURS
BC variable offset/s =  -4.20E-01  0.00E+00  0.00E+00  0.00E+00  0.00E+00
BC variable scale/s =   1.00E+00  1.00E+00  1.00E+00  1.00E+00  1.00E+00
BC default value/s =   NaN  NaN  NaN  NaN  NaN
BC variable name/s =  TIME, SSH, U, V, SALINITY, TEMPERATURE
BC file header/s =  TIME, SURF_EL, WATER_U, WATER_V, SALINITY, WATER_TEMP
Trying to open file: ../../includes/bc/1_ocean/../../../bc_repo/1_ocean/ROMS/ROMS_UTC+8_20130101_20140101_FILLED.nc ...OK
TIME,SURF_EL,WATER_U,WATER_V,SALINITY,WATER_TEMP, variables found in netcdf file. 2921 timesteps successfully read.
BC 1 is OK

BC 2, Type=MSLP_GRID, ID=BARRA
Update dt=   3600.000    s
BC grid label = BARRA
BC grid id = 2
BC reference time = 01/01/1990 00:00:00
BC time units = HOURS
BC variable offset/s =   0.00E+00
BC variable scale/s =   1.00E-02
BC default value/s =   NaN
BC variable name/s =  TIME, MSLP
BC file header/s =  LOCAL_TIME, MSLP
Trying to open file: ../../includes/bc/2_weather/../../../bc_repo/2_weather/BARRA/BARRA_R_20130101_20140101.nc ...OK
LOCAL_TIME,MSLP, variables found in netcdf file. 8766 timesteps successfully read.
BC 2 is OK

BC 3, Type=LW_RAD_GRID, ID=BARRA
Update dt=   3600.000    s
BC grid label = BARRA
BC grid id = 2
BC reference time = 01/01/1990 00:00:00
BC time units = HOURS
BC variable offset/s =   0.00E+00
BC variable scale/s =   1.00E+00
BC default value/s =   NaN
BC variable name/s =  TIME, LW_RAD
BC file header/s =  LOCAL_TIME, LWSFCDOWN
Trying to open file: ../../includes/bc/2_weather/../../../bc_repo/2_weather/BARRA/BARRA_R_20130101_20140101.nc ...OK
LOCAL_TIME,LWSFCDOWN, variables found in netcdf file. 8766 timesteps successfully read.
BC 3 is OK

BC 4, Type=SW_RAD_GRID, ID=BARRA
Update dt=   3600.000    s
BC grid label = BARRA
BC grid id = 2
BC reference time = 01/01/1990 00:00:00
BC time units = HOURS
BC variable offset/s =   0.00E+00
BC variable scale/s =   1.00E+00
BC default value/s =   NaN
BC variable name/s =  TIME, SW_RAD
BC file header/s =  LOCAL_TIME, SWSFCDOWN
Trying to open file: ../../includes/bc/2_weather/../../../bc_repo/2_weather/BARRA/BARRA_R_20130101_20140101.nc ...OK
LOCAL_TIME,SWSFCDOWN, variables found in netcdf file. 8766 timesteps successfully read.
BC 4 is OK

BC 5, Type=AIR_TEMP_GRID, ID=BARRA
Update dt=   3600.000    s
BC grid label = BARRA
BC grid id = 2
BC reference time = 01/01/1990 00:00:00
BC time units = HOURS
BC variable offset/s =  -2.73E+02
BC variable scale/s =   1.00E+00
BC default value/s =   NaN
BC variable name/s =  TIME, AIR_TEMP
BC file header/s =  LOCAL_TIME, TEMP_SCRN
Trying to open file: ../../includes/bc/2_weather/../../../bc_repo/2_weather/BARRA/BARRA_R_20130101_20140101.nc ...OK
LOCAL_TIME,TEMP_SCRN, variables found in netcdf file. 8766 timesteps successfully read.
BC 5 is OK

BC 6, Type=W10_GRID, ID=BARRA
Update dt=   3600.000    s
BC grid label = BARRA
BC grid id = 2
BC reference time = 01/01/1990 00:00:00
BC time units = HOURS
BC variable offset/s =   0.00E+00  0.00E+00
BC variable scale/s =   1.00E+00  1.00E+00
BC default value/s =   NaN  NaN
BC variable name/s =  TIME, W10_X, W10_Y
BC file header/s =  LOCAL_TIME, UWND10M, VWND10M
Trying to open file: ../../includes/bc/2_weather/../../../bc_repo/2_weather/BARRA/BARRA_R_20130101_20140101.nc ...OK
LOCAL_TIME,UWND10M,VWND10M, variables found in netcdf file. 8766 timesteps successfully read.
BC 6 is OK

BC 7, Type=PRECIP_GRID, ID=BARRA
Subtype=1
Update dt=   3600.000    s
BC grid label = BARRA
BC grid id = 2
BC reference time = 01/01/1990 00:00:00
BC time units = HOURS
BC variable offset/s =   0.00E+00  0.00E+00
BC variable scale/s =   2.40E-02  1.00E+00
BC default value/s =   NaN  NaN
BC variable name/s =  TIME, PRECIP, PRECIP_TEMP
BC file header/s =  LOCAL_TIME, PRECIP_RATE,
Trying to open file: ../../includes/bc/2_weather/../../../bc_repo/2_weather/BARRA/BARRA_R_20130101_20140101.nc ...OK
WARNING: PRECIP_TEMP variable not found in netcdf file. Assigning a             NaN value.
LOCAL_TIME,PRECIP_RATE, variables found in netcdf file. 8766 timesteps successfully read.
BC 7 is OK

BC 8, Type=REL_HUM_GRID, ID=BARRA
Update dt=   3600.000    s
BC grid label = BARRA
BC grid id = 2
BC reference time = 01/01/1990 00:00:00
BC time units = HOURS
BC variable offset/s =   0.00E+00
BC variable scale/s =   1.00E+00
BC default value/s =   NaN
BC variable name/s =  TIME, REL_HUM
BC file header/s =  LOCAL_TIME, RELHUM
Trying to open file: ../../includes/bc/2_weather/../../../bc_repo/2_weather/BARRA/BARRA_R_20130101_20140101.nc ...OK
LOCAL_TIME,RELHUM, variables found in netcdf file. 8766 timesteps successfully read.
BC 8 is OK

BC 9, Type=WAVE, ID=WAVE_GRID_NEST
Update dt=   600.0000    s
BC grid label = WAVE_GRID_NEST
BC grid id = 3
BC reference time = 01/01/1990 00:00:00
BC time units = HOURS
BC variable offset/s =   0.00E+00  0.00E+00  0.00E+00  0.00E+00  0.00E+00  0.00E+00  0.00E+00  0.00E+00
BC variable scale/s =   1.00E+00  1.00E+00  1.00E+00  1.00E+00  1.00E+00  1.00E+00  1.00E+00  1.00E+00
BC default value/s =   NaN  NaN  NaN  NaN  NaN  NaN  NaN  NaN
BC variable name/s =  TIME, HSIGN, TPS, DIR, UBOT, TMBOT, FORCE_X, FORCE_Y, DEPTH
BC file header/s =  TIME, HSIG, TPSMOO, DIR, UBOT, TMBOT, WFORCE_X, WFORCE_Y, DEPTH
Trying to open file: ../../includes/bc/3_waves/../../../bc_repo/3_waves/SWAN/SWAN_B_2013.nc ...OK
TIME,HSIG,TPSMOO,DIR,UBOT,TMBOT,WFORCE_X,WFORCE_Y,DEPTH, variables found in netcdf file. 8769 timesteps successfully read.
BC 9 is OK

BC 10, Type=OBC_CURT, ID=2
Update dt=   900.0000    s
BC Nodestring id = 2
BC reference time = 01/01/1990 00:00:00
BC time units = HOURS
BC variable offset/s =   0.00E+00  0.00E+00  0.00E+00  0.00E+00  0.00E+00  0.00E+00  0.00E+00  0.00E+00
BC variable scale/s =   1.00E+00  1.00E+00  1.00E+00  1.00E+00  1.00E+00  1.00E+00  1.00E+00  1.00E+00
BC default value/s =   0.00E+00  0.00E+00  0.00E+00  0.00E+00  0.00E+00  0.00E+00  0.00E+00  0.00E+00
BC variable name/s =  TIME, CHAINAGE, ELEVATION, WL, U, V, SAL, TEMP, TRACE_1
BC file header/s =  TIME, CHAINAGE, DEPTH, DUMMY, DUMMY, DUMMY, SAL, TEMP,
Trying to open file: ../../includes/bc/4_sce/../../../bc_repo/4_sce/SCERM/NAR_Tide_20120315_20140331.nc ...OK
WARNING: CHAINAGE variable is stationary (no time dimension)
WARNING: DEPTH variable is stationary (no time dimension)
WARNING: DUMMY variable not found in netcdf file. Assigning a    0.000000     value.
WARNING: DUMMY variable not found in netcdf file. Assigning a    0.000000     value.
WARNING: DUMMY variable not found in netcdf file. Assigning a    0.000000     value.
WARNING: TRACE_1 variable not found in netcdf file. Assigning a    0.000000     value.
TIME,CHAINAGE,DEPTH,SAL,TEMP, variables found in netcdf file. 4482 timesteps successfully read.
BC 10 is OK

BC 11, Type=OBC_CURT, ID=3
Update dt=   900.0000    s
BC Nodestring id = 3
BC reference time = 01/01/1990 00:00:00
BC time units = HOURS
BC variable offset/s =   0.00E+00  0.00E+00  0.00E+00  0.00E+00  0.00E+00  0.00E+00  0.00E+00  0.00E+00
BC variable scale/s =   1.00E+00  1.00E+00  1.00E+00  1.00E+00  1.00E+00  1.00E+00  1.00E+00  1.00E+00
BC default value/s =   0.00E+00  0.00E+00  0.00E+00  0.00E+00  0.00E+00  0.00E+00  0.00E+00  0.00E+00
BC variable name/s =  TIME, CHAINAGE, ELEVATION, WL, U, V, SAL, TEMP, TRACE_1
BC file header/s =  TIME, CHAINAGE, DEPTH, DUMMY, DUMMY, DUMMY, SAL, TEMP,
Trying to open file: ../../includes/bc/4_sce/../../../bc_repo/4_sce/SCERM/CAN_Tide_20120315_20140331.nc ...OK
WARNING: CHAINAGE variable is stationary (no time dimension)
WARNING: DEPTH variable is stationary (no time dimension)
WARNING: DUMMY variable not found in netcdf file. Assigning a    0.000000     value.
WARNING: DUMMY variable not found in netcdf file. Assigning a    0.000000     value.
WARNING: DUMMY variable not found in netcdf file. Assigning a    0.000000     value.
WARNING: TRACE_1 variable not found in netcdf file. Assigning a    0.000000     value.
TIME,CHAINAGE,DEPTH,SAL,TEMP, variables found in netcdf file. 4482 timesteps successfully read.
BC 11 is OK

BC 12, Type=WL, ID=2
Subtype=1
BC Nodestring id = 2
BC variable name/s = TIME, WL, SAL, TEMP, TRACE_1
BC file header/s = ISOTime, wl, dummy, dummy, zeroes
BC reference time = 01/01/1990 00:00:00
BC time units = ISOTIME
BC variable offset/s =   0.00E+00, 0.00E+00, 0.00E+00, 0.00E+00
BC variable scale/s =   1.00E+00, 1.00E+00, 1.00E+00, 1.00E+00
BC variable default/s =   NaN, NaN, NaN, NaN
Trying to open file: ../../includes/bc/4_sce/../../../bc_repo/4_sce/CSV/NAR_Inflow_v2.csv ... OK. File unit: 101
WARNING: DUMMY column not found in csv file. Assigning a value of             NaN
WARNING: DUMMY column not found in csv file. Assigning a value of             NaN
ISOTime, wl, zeroes columns read from csvfile. 105193 lines successfully read.
Closing file unit: 101
BC 12 is OK

BC 13, Type=WL, ID=3
Subtype=1
BC Nodestring id = 3
BC variable name/s = TIME, WL, SAL, TEMP, TRACE_1
BC file header/s = ISOTime, wl, dummy, dummy, zeroes
BC reference time = 01/01/1990 00:00:00
BC time units = ISOTIME
BC variable offset/s =   0.00E+00, 0.00E+00, 0.00E+00, 0.00E+00
BC variable scale/s =   1.00E+00, 1.00E+00, 1.00E+00, 1.00E+00
BC variable default/s =   NaN, NaN, NaN, NaN
Trying to open file: ../../includes/bc/4_sce/../../../bc_repo/4_sce/CSV/Canning_Inflow_Tide_v1.csv ... OK. File unit: 101
WARNING: DUMMY column not found in csv file. Assigning a value of             NaN
WARNING: DUMMY column not found in csv file. Assigning a value of             NaN
ISOTime, wl, zeroes columns read from csvfile. 105193 lines successfully read.
Closing file unit: 101
BC 13 is OK

BC 14, Type=QC
Subtype=1
Cell id=863
BC variable name/s = TIME, Q, SAL, TEMP, TRACE_1
BC file header/s = Date, Q, Salt, Temp, Zeroes
BC reference time = 01/01/1990 00:00:00
BC time units = ISOTIME
BC variable offset/s =   0.00E+00, 0.00E+00, 0.00E+00, 0.00E+00
BC variable scale/s =   1.00E+00, 1.00E+00, 1.00E+00, 1.00E+00
BC variable default/s =   0.00E+00, 0.00E+00, 0.00E+00, 0.00E+00
Trying to open file: ../../includes/bc/7_discharges/../../../bc_repo/7_discharges/PSDP/PSDP1_20130101_20140101_wq.csv ... OK. File unit: 101
WARNING: ZEROES column not found in csv file. Assigning a value of    0.000000
Date, Q, Salt, Temp columns read from csvfile. 2911 lines successfully read.
Closing file unit: 101
Vertical Distribution Type=1 (DEPTH)
Trying to open file: ../../includes/bc/7_discharges/../../../bc_repo/7_discharges/DischargeDepth_001.csv ... OK. File unit: 101
 DEPTH, WEIGHT columns read from csvfile. 4 lines successfully read.
Closing file unit: 101
BC 14 is OK

BC 15, Type=QC
Subtype=1
Cell id=2174
BC variable name/s = TIME, Q, SAL, TEMP, TRACE_1
BC file header/s = Date, Q, Salt, Temp, Zeroes
BC reference time = 01/01/1990 00:00:00
BC time units = ISOTIME
BC variable offset/s =   0.00E+00, 0.00E+00, 0.00E+00, 0.00E+00
BC variable scale/s =   1.00E+00, 1.00E+00, 1.00E+00, 1.00E+00
BC variable default/s =   0.00E+00, 0.00E+00, 0.00E+00, 0.00E+00
Trying to open file: ../../includes/bc/7_discharges/../../../bc_repo/7_discharges/TiWest/TiWest_20130101_20140101_wq.csv ... OK. File unit: 101
WARNING: ZEROES column not found in csv file. Assigning a value of    0.000000
Date, Q, Salt, Temp columns read from csvfile. 2911 lines successfully read.
Closing file unit: 101
Vertical Distribution Type=1 (DEPTH)
Trying to open file: ../../includes/bc/7_discharges/../../../bc_repo/7_discharges/DischargeDepth_001.csv ... OK. File unit: 101
 DEPTH, WEIGHT columns read from csvfile. 4 lines successfully read.
Closing file unit: 101
BC 15 is OK

BC 16, Type=QC
Subtype=1
Cell id=1796
BC variable name/s = TIME, Q, SAL, TEMP, TRACE_1
BC file header/s = Date, Q, Salt, Temp, Zeroes
BC reference time = 01/01/1990 00:00:00
BC time units = ISOTIME
BC variable offset/s =   0.00E+00, 0.00E+00, 0.00E+00, 0.00E+00
BC variable scale/s =   1.00E+00, 1.00E+00, 1.00E+00, 1.00E+00
BC variable default/s =   0.00E+00, 0.00E+00, 0.00E+00, 0.00E+00
Trying to open file: ../../includes/bc/7_discharges/../../../bc_repo/7_discharges/BP/BP_20130101_20140101_wq.csv ... OK. File unit: 101
WARNING: ZEROES column not found in csv file. Assigning a value of    0.000000
Date, Q, Salt, Temp columns read from csvfile. 2911 lines successfully read.
Closing file unit: 101
Vertical Distribution Type=1 (DEPTH)
Trying to open file: ../../includes/bc/7_discharges/../../../bc_repo/7_discharges/DischargeDepth_001.csv ... OK. File unit: 101
 DEPTH, WEIGHT columns read from csvfile. 4 lines successfully read.
Closing file unit: 101
BC 16 is OK

BC 17, Type=QC
Subtype=1
Cell id=423
BC variable name/s = TIME, Q, SAL, TEMP, TRACE_1
BC file header/s = Date, Q, Salt, Temp, Zeroes
BC reference time = 01/01/1990 00:00:00
BC time units = ISOTIME
BC variable offset/s =   0.00E+00, 0.00E+00, 0.00E+00, 0.00E+00
BC variable scale/s =   1.00E+00, 1.00E+00, 1.00E+00, 1.00E+00
BC variable default/s =   0.00E+00, 0.00E+00, 0.00E+00, 0.00E+00
Trying to open file: ../../includes/bc/7_discharges/../../../bc_repo/7_discharges/KPS/KPS_A_B_20130101_20140101_wq.csv ... OK. File unit: 101
WARNING: ZEROES column not found in csv file. Assigning a value of    0.000000
Date, Q, Salt, Temp columns read from csvfile. 2911 lines successfully read.
Closing file unit: 101
Vertical Distribution Type=1 (DEPTH)
Trying to open file: ../../includes/bc/7_discharges/../../../bc_repo/7_discharges/DischargeDepth_001.csv ... OK. File unit: 101
 DEPTH, WEIGHT columns read from csvfile. 4 lines successfully read.
Closing file unit: 101
BC 17 is OK

BC 18, Type=QC
Subtype=1
Cell id=318
BC variable name/s = TIME, Q, SAL, TEMP, TRACE_1
BC file header/s = Date, Q, Salt, Temp, Zeroes
BC reference time = 01/01/1990 00:00:00
BC time units = ISOTIME
BC variable offset/s =   0.00E+00, 0.00E+00, 0.00E+00, 0.00E+00
BC variable scale/s =   1.00E+00, 1.00E+00, 1.00E+00, 1.00E+00
BC variable default/s =   0.00E+00, 0.00E+00, 0.00E+00, 0.00E+00
Trying to open file: ../../includes/bc/7_discharges/../../../bc_repo/7_discharges/KPS/KPS_C_CPS_20130101_20140101_wq.csv ... OK. File unit: 101
WARNING: ZEROES column not found in csv file. Assigning a value of    0.000000
Date, Q, Salt, Temp columns read from csvfile. 2911 lines successfully read.
Closing file unit: 101
Vertical Distribution Type=1 (DEPTH)
Trying to open file: ../../includes/bc/7_discharges/../../../bc_repo/7_discharges/DischargeDepth_001.csv ... OK. File unit: 101
 DEPTH, WEIGHT columns read from csvfile. 4 lines successfully read.
Closing file unit: 101
BC 18 is OK

BC 19, Type=QC
Subtype=1
Cell id=11490
BC variable name/s = TIME, Q, SAL, TEMP, TRACE_1
BC file header/s = Date, Q, Salt, Temp, Zeroes
BC reference time = 01/01/1990 00:00:00
BC time units = ISOTIME
BC variable offset/s =   0.00E+00, 0.00E+00, 0.00E+00, 0.00E+00
BC variable scale/s =   1.00E+00, 1.00E+00, 1.00E+00, 1.00E+00
BC variable default/s =   0.00E+00, 0.00E+00, 0.00E+00, 0.00E+00
Trying to open file: ../../includes/bc/7_discharges/../../../bc_repo/7_discharges/SDOOL/SDOOL_20130101_20140101_wq.csv ... OK. File unit: 101
WARNING: ZEROES column not found in csv file. Assigning a value of    0.000000
Date, Q, Salt, Temp columns read from csvfile. 2911 lines successfully read.
Closing file unit: 101
Vertical Distribution Type=1 (DEPTH)
Trying to open file: ../../includes/bc/7_discharges/../../../bc_repo/7_discharges/DischargeDepth_001.csv ... OK. File unit: 101
 DEPTH, WEIGHT columns read from csvfile. 4 lines successfully read.
Closing file unit: 101
BC 19 is OK

BC 20, Type=QC
Subtype=1
Cell id=381
BC variable name/s = TIME, Q, SAL, TEMP, TRACE_1
BC file header/s = Date, Q, SAL, TEMP, TRACE_1
BC reference time = 01/01/1990 00:00:00
BC time units = ISOTIME
BC variable offset/s =   0.00E+00, 0.00E+00, 0.00E+00, 0.00E+00
BC variable scale/s =  -1.64E+00, 1.00E+00, 1.00E+00, 1.00E+00
BC variable default/s =   NaN, NaN, NaN, NaN
Trying to open file: ../../includes/bc/7_discharges/../../../bc_repo/8_intakes/PSDP/PSDP1_20130101_20140101_wq.csv ... OK. File unit: 101
WARNING: SAL column not found in csv file. Assigning a value of             NaN
WARNING: TRACE_1 column not found in csv file. Assigning a value of             NaN
Date, Q, TEMP columns read from csvfile. 2911 lines successfully read.
Closing file unit: 101
Vertical Distribution Type=3 (HEIGHT)
Trying to open file: ../../includes/bc/7_discharges/../../../bc_repo/8_intakes/IntakeExtractionHeight_001.csv ... OK. File unit: 101
 HEIGHT, WEIGHT columns read from csvfile. 6 lines successfully read.
Closing file unit: 101
BC 20 is OK

BC 21, Type=QC
Subtype=1
Cell id=2175
BC variable name/s = TIME, Q, SAL, TEMP, TRACE_1
BC file header/s = DATE, Q, SAL, TEMP, TRACE_1
BC reference time = 01/01/1990 00:00:00
BC time units = ISOTIME
BC variable offset/s =   0.00E+00, 0.00E+00, 0.00E+00, 0.00E+00
BC variable scale/s =  -1.00E+00, 1.00E+00, 1.00E+00, 1.00E+00
BC variable default/s =   NaN, NaN, NaN, NaN
Trying to open file: ../../includes/bc/7_discharges/../../../bc_repo/8_intakes/BP/CSound_Apr2013_PRP_BP_Intake.csv ... OK. File unit: 101
WARNING: SAL column not found in csv file. Assigning a value of             NaN
WARNING: TRACE_1 column not found in csv file. Assigning a value of             NaN
DATE, Q, TEMP columns read from csvfile. 7201 lines successfully read.
Closing file unit: 101
Vertical Distribution Type=3 (HEIGHT)
Trying to open file: ../../includes/bc/7_discharges/../../../bc_repo/8_intakes/IntakeExtractionHeight_001.csv ... OK. File unit: 101
 HEIGHT, WEIGHT columns read from csvfile. 6 lines successfully read.
Closing file unit: 101
BC 21 is OK

BC 22, Type=QC
Subtype=1
Cell id=357
BC variable name/s = TIME, Q, SAL, TEMP, TRACE_1
BC file header/s = DATE, Q, SAL, TEMP, TRACE_1
BC reference time = 01/01/1990 00:00:00
BC time units = ISOTIME
BC variable offset/s =   0.00E+00, 0.00E+00, 0.00E+00, 0.00E+00
BC variable scale/s =  -1.00E+00, 1.00E+00, 1.00E+00, 1.00E+00
BC variable default/s =   NaN, NaN, NaN, NaN
Trying to open file: ../../includes/bc/7_discharges/../../../bc_repo/8_intakes/Verve/CSound_Apr2013_PRP_VerveSouth_Intake.csv ... OK. File unit: 101
WARNING: SAL column not found in csv file. Assigning a value of             NaN
WARNING: TRACE_1 column not found in csv file. Assigning a value of             NaN
DATE, Q, TEMP columns read from csvfile. 7201 lines successfully read.
Closing file unit: 101
Vertical Distribution Type=3 (HEIGHT)
Trying to open file: ../../includes/bc/7_discharges/../../../bc_repo/8_intakes/IntakeExtractionHeight_001.csv ... OK. File unit: 101
 HEIGHT, WEIGHT columns read from csvfile. 6 lines successfully read.
Closing file unit: 101
BC 22 is OK

BC 23, Type=QC
Subtype=1
Cell id=436
BC variable name/s = TIME, Q, SAL, TEMP, TRACE_1
BC file header/s = DATE, Q, SAL, TEMP, TRACE_1
BC reference time = 01/01/1990 00:00:00
BC time units = ISOTIME
BC variable offset/s =   0.00E+00, 0.00E+00, 0.00E+00, 0.00E+00
BC variable scale/s =  -1.00E+00, 1.00E+00, 1.00E+00, 1.00E+00
BC variable default/s =   NaN, NaN, NaN, NaN
Trying to open file: ../../includes/bc/7_discharges/../../../bc_repo/8_intakes/Verve/CSound_Apr2013_PRP_VerveNorth_Intake.csv ... OK. File unit: 101
WARNING: SAL column not found in csv file. Assigning a value of             NaN
WARNING: TRACE_1 column not found in csv file. Assigning a value of             NaN
DATE, Q, TEMP columns read from csvfile. 7201 lines successfully read.
Closing file unit: 101
Vertical Distribution Type=3 (HEIGHT)
Trying to open file: ../../includes/bc/7_discharges/../../../bc_repo/8_intakes/IntakeExtractionHeight_001.csv ... OK. File unit: 101
 HEIGHT, WEIGHT columns read from csvfile. 6 lines successfully read.
Closing file unit: 101
BC 23 is OK

Finished constructing fvbc object.

Initialising ghost cell boundary conditions...
Finished initialising ghost cell boundary conditions.

Initialising face object boundary conditions...
Finished initialising face object boundary conditions.

Successfully initialised model boundary conditions.

Attempting to generate model initial conditions:
Successfully generated model initial conditions.

Attempting to initialise model output:

Allocating output object memory:
Trying to open file: ../../includes/output/../../gis_repo/3_output/points/CSound_2013_pts_002.csv ... OK. File unit: 101
WARNING: ID column not found in csv file. Assigning a value of             NaN
WARNING: VERT_MIN column not found in csv file. Assigning a value of             NaN
WARNING: VERT_MAX column not found in csv file. Assigning a value of             NaN
 X, Y columns read from csvfile. 15 lines successfully read.
Closing file unit: 101
Trying to open file: ../../includes/output/../../gis_repo/3_output/points/CSound_2013_pts_002.csv ... OK. File unit: 101
Closing file unit: 101
LABEL column found, attempting to read point labels
Trying to open file: ../../includes/output/../../gis_repo/3_output/points/CSound_2013_pts_002.csv ... OK. File unit: 101
 LABEL columns read from csvfile. 15 lines successfully read.
Closing file unit: 101
Depth-Averaging for STIRLING                       :    0.000000     to    1.000000
Depth-Averaging for PARMELIA                       :    0.000000     to    1.000000
Depth-Averaging for PERTH_BUOY_CENTRAL             :    0.000000     to    1.000000
Depth-Averaging for PERTH_BUOY_SOUTH               :    0.000000     to    1.000000
Depth-Averaging for Northern_Basin                 :    0.000000     to    1.000000
Depth-Averaging for Spoil_Grounds                  :    0.000000     to    1.000000
Depth-Averaging for Western_Power                  :    0.000000     to    1.000000
Depth-Averaging for Westport_S01_a                 :    0.000000     to    1.000000
Depth-Averaging for Westport_S01_b                 :    0.000000     to    1.000000
Depth-Averaging for Westport_S01_c                 :    0.000000     to    1.000000
Depth-Averaging for Westport_S01_d                 :    0.000000     to    1.000000
Depth-Averaging for Westport_S02_a                 :    0.000000     to    1.000000
Depth-Averaging for Westport_S02_b                 :    0.000000     to    1.000000
Depth-Averaging for Westport_S02_c                 :    0.000000     to    1.000000
Depth-Averaging for Westport_S02_d                 :    0.000000     to    1.000000
Trying to open file: ../../includes/output/../../gis_repo/3_output/points/CSound_2013_pts_002.csv ... OK. File unit: 101
WARNING: ID column not found in csv file. Assigning a value of             NaN
WARNING: VERT_MIN column not found in csv file. Assigning a value of             NaN
WARNING: VERT_MAX column not found in csv file. Assigning a value of             NaN
 X, Y columns read from csvfile. 15 lines successfully read.
Closing file unit: 101
Trying to open file: ../../includes/output/../../gis_repo/3_output/points/CSound_2013_pts_002.csv ... OK. File unit: 101
Closing file unit: 101
LABEL column found, attempting to read point labels
Trying to open file: ../../includes/output/../../gis_repo/3_output/points/CSound_2013_pts_002.csv ... OK. File unit: 101
 LABEL columns read from csvfile. 15 lines successfully read.
Closing file unit: 101
Depth-Averaging for STIRLING                       :    0.000000     to    99999.00
Depth-Averaging for PARMELIA                       :    0.000000     to    99999.00
Depth-Averaging for PERTH_BUOY_CENTRAL             :    0.000000     to    99999.00
Depth-Averaging for PERTH_BUOY_SOUTH               :    0.000000     to    99999.00
Depth-Averaging for Northern_Basin                 :    0.000000     to    99999.00
Depth-Averaging for Spoil_Grounds                  :    0.000000     to    99999.00
Depth-Averaging for Western_Power                  :    0.000000     to    99999.00
Depth-Averaging for Westport_S01_a                 :    0.000000     to    99999.00
Depth-Averaging for Westport_S01_b                 :    0.000000     to    99999.00
Depth-Averaging for Westport_S01_c                 :    0.000000     to    99999.00
Depth-Averaging for Westport_S01_d                 :    0.000000     to    99999.00
Depth-Averaging for Westport_S02_a                 :    0.000000     to    99999.00
Depth-Averaging for Westport_S02_b                 :    0.000000     to    99999.00
Depth-Averaging for Westport_S02_c                 :    0.000000     to    99999.00
Depth-Averaging for Westport_S02_d                 :    0.000000     to    99999.00
Memory allocation OK.

Trying to open file: log/CSound_000_A14_20130101_20131231_HD_016_geo_out.csv ... OK. File unit: 101
Processing output requests:
Processing request 1 is...
OK.
Processing request 2 is...
Output point 1 is inside cell 3792.
Output point 2 is inside cell 4628.
Output point 3 is inside cell 19586.
Output point 4 is inside cell 14027.
Output point 5 is inside cell 23801.
Output point 6 is inside cell 1886.
Output point 7 is inside cell 729.
Output point 8 is inside cell 1337.
Output point 9 is inside cell 1337.
Output point 10 is inside cell 1337.
Output point 11 is inside cell 1349.
Output point 12 is inside cell 27448.
Output point 13 is inside cell 27448.
Output point 14 is inside cell 23559.
Output point 15 is inside cell 14144.
Output point 1 is inside cell 3792.
Output point 2 is inside cell 4628.
Output point 3 is inside cell 19586.
Output point 4 is inside cell 14027.
Output point 5 is inside cell 23801.
Output point 6 is inside cell 1886.
Output point 7 is inside cell 729.
Output point 8 is inside cell 1337.
Output point 9 is inside cell 1337.
Output point 10 is inside cell 1337.
Output point 11 is inside cell 1349.
Output point 12 is inside cell 27448.
Output point 13 is inside cell 27448.
Output point 14 is inside cell 23559.
Output point 15 is inside cell 14144.
Output point 1 is inside cell 3792.
Output point 2 is inside cell 4628.
Output point 3 is inside cell 19586.
Output point 4 is inside cell 14027.
Output point 5 is inside cell 23801.
Output point 6 is inside cell 1886.
Output point 7 is inside cell 729.
Output point 8 is inside cell 1337.
Output point 9 is inside cell 1337.
Output point 10 is inside cell 1337.
Output point 11 is inside cell 1349.
Output point 12 is inside cell 27448.
Output point 13 is inside cell 27448.
Output point 14 is inside cell 23559.
Output point 15 is inside cell 14144.
Output point 1 is inside cell 3792.
Output point 2 is inside cell 4628.
Output point 3 is inside cell 19586.
Output point 4 is inside cell 14027.
Output point 5 is inside cell 23801.
Output point 6 is inside cell 1886.
Output point 7 is inside cell 729.
Output point 8 is inside cell 1337.
Output point 9 is inside cell 1337.
Output point 10 is inside cell 1337.
Output point 11 is inside cell 1349.
Output point 12 is inside cell 27448.
Output point 13 is inside cell 27448.
Output point 14 is inside cell 23559.
Output point 15 is inside cell 14144.
Output point 1 is inside cell 3792.
Output point 2 is inside cell 4628.
Output point 3 is inside cell 19586.
Output point 4 is inside cell 14027.
Output point 5 is inside cell 23801.
Output point 6 is inside cell 1886.
Output point 7 is inside cell 729.
Output point 8 is inside cell 1337.
Output point 9 is inside cell 1337.
Output point 10 is inside cell 1337.
Output point 11 is inside cell 1349.
Output point 12 is inside cell 27448.
Output point 13 is inside cell 27448.
Output point 14 is inside cell 23559.
Output point 15 is inside cell 14144.
Output point 1 is inside cell 3792.
Output point 2 is inside cell 4628.
Output point 3 is inside cell 19586.
Output point 4 is inside cell 14027.
Output point 5 is inside cell 23801.
Output point 6 is inside cell 1886.
Output point 7 is inside cell 729.
Output point 8 is inside cell 1337.
Output point 9 is inside cell 1337.
Output point 10 is inside cell 1337.
Output point 11 is inside cell 1349.
Output point 12 is inside cell 27448.
Output point 13 is inside cell 27448.
Output point 14 is inside cell 23559.
Output point 15 is inside cell 14144.
Output point 1 is inside cell 3792.
Output point 2 is inside cell 4628.
Output point 3 is inside cell 19586.
Output point 4 is inside cell 14027.
Output point 5 is inside cell 23801.
Output point 6 is inside cell 1886.
Output point 7 is inside cell 729.
Output point 8 is inside cell 1337.
Output point 9 is inside cell 1337.
Output point 10 is inside cell 1337.
Output point 11 is inside cell 1349.
Output point 12 is inside cell 27448.
Output point 13 is inside cell 27448.
Output point 14 is inside cell 23559.
Output point 15 is inside cell 14144.
OK.
Processing request 3 is...
Output point 1 is inside cell 3792.
Output point 2 is inside cell 4628.
Output point 3 is inside cell 19586.
Output point 4 is inside cell 14027.
Output point 5 is inside cell 23801.
Output point 6 is inside cell 1886.
Output point 7 is inside cell 729.
Output point 8 is inside cell 1337.
Output point 9 is inside cell 1337.
Output point 10 is inside cell 1337.
Output point 11 is inside cell 1349.
Output point 12 is inside cell 27448.
Output point 13 is inside cell 27448.
Output point 14 is inside cell 23559.
Output point 15 is inside cell 14144.
OK.

Closing file unit: 101
Opening TPC file...
Trying to open file: ../../includes/output/../../outputs/results/plot/CSound_000_A14_20130101_20131231_HD_016.tpc ... OK. File unit: 101
Closing tpc file...
Closing file unit: 101
Opening GIS Layer: ../../includes/output/../../outputs/results/plot/./gis/CSound_000_A14_20130101_20131231_HD_016_PLOT.shp
GIS Layer assigned ID of 2

Closing GIS Layer 2 [../../includes/output/../../outputs/results/plot/./gis/CSound_000_A14_20130101_20131231_HD_016_PLOT.shp]...
Trying to open file: ../../includes/output/../../outputs/results/plot/gis/CSound_000_A14_20130101_20131231_HD_016_PLOT.csv ... OK. File unit: 101
Closing file unit: 101
Opening output files...
Trying to open file: ../../includes/output/../../outputs/results/CSound_000_A14_20130101_20131231_HD_016.nc ...OK
Trying to open file: ../../includes/output/../../outputs/results/CSound_000_A14_20130101_20131231_HD_016_POINTS.csv ... OK. File unit: 101
Trying to open file: ../../includes/output/../../outputs/results/plot/csv/CSound_000_A14_20130101_20131231_HD_016_2D_H.csv ... OK. File unit: 102
Trying to open file: ../../includes/output/../../outputs/results/plot/csv/CSound_000_A14_20130101_20131231_HD_016_2D_VX.csv ... OK. File unit: 103
Trying to open file: ../../includes/output/../../outputs/results/plot/csv/CSound_000_A14_20130101_20131231_HD_016_2D_VY.csv ... OK. File unit: 104
Trying to open file: ../../includes/output/../../outputs/results/plot/csv/CSound_000_A14_20130101_20131231_HD_016_2D_TEMP.csv ... OK. File unit: 105
Trying to open file: ../../includes/output/../../outputs/results/plot/csv/CSound_000_A14_20130101_20131231_HD_016_2D_SAL.csv ... OK. File unit: 106
Trying to open file: ../../includes/output/../../outputs/results/plot/csv/CSound_000_A14_20130101_20131231_HD_016_2D_TRACE_1.csv ... OK. File unit: 107
Trying to open file: ../../includes/output/../../outputs/results/CSound_000_A14_20130101_20131231_HD_016_PROFILES.nc ...OK

Successfully initialised model output.

Opening GIS Layer: ../../includes/domain/../../model_runs/HD/log/check/CSound_000_A14_20130101_20131231_HD_016_mesh_check.shp
GIS Layer assigned ID of 2
